{"numFailedTestSuites":3,"numFailedTests":37,"numPassedTestSuites":22,"numPassedTests":323,"numPendingTestSuites":1,"numPendingTests":52,"numRuntimeErrorTestSuites":0,"numTodoTests":0,"numTotalTestSuites":26,"numTotalTests":412,"openHandles":[],"snapshot":{"added":0,"didUpdate":false,"failure":false,"filesAdded":0,"filesRemoved":0,"filesRemovedList":[],"filesUnmatched":0,"filesUpdated":0,"matched":0,"total":0,"unchecked":0,"uncheckedKeysByFile":[],"unmatched":0,"updated":0},"startTime":1758287325438,"success":false,"testResults":[{"assertionResults":[{"ancestorTitles":["/api/transcribe","POST /api/transcribe"],"duration":41,"failing":false,"failureDetails":[{"matcherResult":{"actual":400,"expected":200,"message":"expect(received).toBe(expected) // Object.is equality\n\nExpected: 200\nReceived: 400","name":"toBe","pass":false}}],"failureMessages":["Error: expect(received).toBe(expected) // Object.is equality\n\nExpected: 200\nReceived: 400\n    at Object.toBe (/Users/youming/GitHub/shadowing-learning/test/unit/app/api/transcribe/route.test.ts:116:31)\n    at processTicksAndRejections (node:internal/process/task_queues:105:5)"],"fullName":"/api/transcribe POST /api/transcribe should successfully transcribe audio file","invocations":1,"location":null,"numPassingAsserts":0,"retryReasons":[],"startAt":1758287327503,"status":"failed","title":"should successfully transcribe audio file"},{"ancestorTitles":["/api/transcribe","POST /api/transcribe"],"duration":0,"failing":false,"failureDetails":[],"failureMessages":[],"fullName":"/api/transcribe POST /api/transcribe should validate request data","invocations":1,"location":null,"numPassingAsserts":3,"retryReasons":[],"startAt":1758287327550,"status":"passed","title":"should validate request data"},{"ancestorTitles":["/api/transcribe","POST /api/transcribe"],"duration":1,"failing":false,"failureDetails":[{"matcherResult":{"actual":400,"expected":404,"message":"expect(received).toBe(expected) // Object.is equality\n\nExpected: 404\nReceived: 400","name":"toBe","pass":false}}],"failureMessages":["Error: expect(received).toBe(expected) // Object.is equality\n\nExpected: 404\nReceived: 400\n    at Object.toBe (/Users/youming/GitHub/shadowing-learning/test/unit/app/api/transcribe/route.test.ts:167:31)\n    at processTicksAndRejections (node:internal/process/task_queues:105:5)"],"fullName":"/api/transcribe POST /api/transcribe should return 404 if file not found","invocations":1,"location":null,"numPassingAsserts":0,"retryReasons":[],"startAt":1758287327550,"status":"failed","title":"should return 404 if file not found"},{"ancestorTitles":["/api/transcribe","POST /api/transcribe"],"duration":1,"failing":false,"failureDetails":[{"matcherResult":{"actual":400,"expected":409,"message":"expect(received).toBe(expected) // Object.is equality\n\nExpected: 409\nReceived: 400","name":"toBe","pass":false}}],"failureMessages":["Error: expect(received).toBe(expected) // Object.is equality\n\nExpected: 409\nReceived: 400\n    at Object.toBe (/Users/youming/GitHub/shadowing-learning/test/unit/app/api/transcribe/route.test.ts:194:31)\n    at processTicksAndRejections (node:internal/process/task_queues:105:5)"],"fullName":"/api/transcribe POST /api/transcribe should return 409 if file already has completed transcription","invocations":1,"location":null,"numPassingAsserts":0,"retryReasons":[],"startAt":1758287327551,"status":"failed","title":"should return 409 if file already has completed transcription"},{"ancestorTitles":["/api/transcribe","POST /api/transcribe"],"duration":0,"failing":false,"failureDetails":[{"matcherResult":{"actual":400,"expected":500,"message":"expect(received).toBe(expected) // Object.is equality\n\nExpected: 500\nReceived: 400","name":"toBe","pass":false}}],"failureMessages":["Error: expect(received).toBe(expected) // Object.is equality\n\nExpected: 500\nReceived: 400\n    at Object.toBe (/Users/youming/GitHub/shadowing-learning/test/unit/app/api/transcribe/route.test.ts:215:31)\n    at processTicksAndRejections (node:internal/process/task_queues:105:5)"],"fullName":"/api/transcribe POST /api/transcribe should handle transcription errors","invocations":1,"location":null,"numPassingAsserts":0,"retryReasons":[],"startAt":1758287327552,"status":"failed","title":"should handle transcription errors"},{"ancestorTitles":["/api/transcribe","POST /api/transcribe"],"duration":1,"failing":false,"failureDetails":[{"matcherResult":{"message":"expect(jest.fn()).toHaveBeenCalledWith(...expected)\n\nExpected: {\"fileId\": 1, \"language\": \"ja\", \"processingTime\": 0, \"rawText\": \"\", \"status\": \"processing\"}\n\nNumber of calls: 0","pass":false}}],"failureMessages":["Error: expect(jest.fn()).toHaveBeenCalledWith(...expected)\n\nExpected: {\"fileId\": 1, \"language\": \"ja\", \"processingTime\": 0, \"rawText\": \"\", \"status\": \"processing\"}\n\nNumber of calls: 0\n    at Object.toHaveBeenCalledWith (/Users/youming/GitHub/shadowing-learning/test/unit/app/api/transcribe/route.test.ts:245:41)\n    at processTicksAndRejections (node:internal/process/task_queues:105:5)"],"fullName":"/api/transcribe POST /api/transcribe should use default parameters when not provided","invocations":1,"location":null,"numPassingAsserts":0,"retryReasons":[],"startAt":1758287327552,"status":"failed","title":"should use default parameters when not provided"},{"ancestorTitles":["/api/transcribe","POST /api/transcribe"],"duration":0,"failing":false,"failureDetails":[{"matcherResult":{"message":"expect(jest.fn()).toHaveBeenCalledWith(...expected)\n\nExpected: 1, {\"status\": \"processing\"}\n\nNumber of calls: 0","pass":false}}],"failureMessages":["Error: expect(jest.fn()).toHaveBeenCalledWith(...expected)\n\nExpected: 1, {\"status\": \"processing\"}\n\nNumber of calls: 0\n    at Object.toHaveBeenCalledWith (/Users/youming/GitHub/shadowing-learning/test/unit/app/api/transcribe/route.test.ts:288:44)\n    at processTicksAndRejections (node:internal/process/task_queues:105:5)"],"fullName":"/api/transcribe POST /api/transcribe should handle progress callback during transcription","invocations":1,"location":null,"numPassingAsserts":0,"retryReasons":[],"startAt":1758287327553,"status":"failed","title":"should handle progress callback during transcription"},{"ancestorTitles":["/api/transcribe","GET /api/transcribe"],"duration":null,"failing":false,"failureDetails":[],"failureMessages":[],"fullName":"/api/transcribe GET /api/transcribe should return transcripts with segments for valid fileId","invocations":1,"location":null,"numPassingAsserts":0,"retryReasons":[],"startAt":1758287327554,"status":"pending","title":"should return transcripts with segments for valid fileId"},{"ancestorTitles":["/api/transcribe","GET /api/transcribe"],"duration":null,"failing":false,"failureDetails":[],"failureMessages":[],"fullName":"/api/transcribe GET /api/transcribe should return 400 if fileId parameter is missing","invocations":1,"location":null,"numPassingAsserts":0,"retryReasons":[],"startAt":1758287327554,"status":"pending","title":"should return 400 if fileId parameter is missing"},{"ancestorTitles":["/api/transcribe","GET /api/transcribe"],"duration":null,"failing":false,"failureDetails":[],"failureMessages":[],"fullName":"/api/transcribe GET /api/transcribe should return 400 if fileId is not a number","invocations":1,"location":null,"numPassingAsserts":0,"retryReasons":[],"startAt":1758287327554,"status":"pending","title":"should return 400 if fileId is not a number"},{"ancestorTitles":["/api/transcribe","GET /api/transcribe"],"duration":null,"failing":false,"failureDetails":[],"failureMessages":[],"fullName":"/api/transcribe GET /api/transcribe should handle transcripts without ids","invocations":1,"location":null,"numPassingAsserts":0,"retryReasons":[],"startAt":1758287327554,"status":"pending","title":"should handle transcripts without ids"},{"ancestorTitles":["/api/transcribe","DELETE /api/transcribe"],"duration":null,"failing":false,"failureDetails":[],"failureMessages":[],"fullName":"/api/transcribe DELETE /api/transcribe should delete transcript successfully","invocations":1,"location":null,"numPassingAsserts":0,"retryReasons":[],"startAt":1758287327554,"status":"pending","title":"should delete transcript successfully"},{"ancestorTitles":["/api/transcribe","DELETE /api/transcribe"],"duration":null,"failing":false,"failureDetails":[],"failureMessages":[],"fullName":"/api/transcribe DELETE /api/transcribe should return 400 if transcriptId parameter is missing","invocations":1,"location":null,"numPassingAsserts":0,"retryReasons":[],"startAt":1758287327554,"status":"pending","title":"should return 400 if transcriptId parameter is missing"},{"ancestorTitles":["/api/transcribe","DELETE /api/transcribe"],"duration":null,"failing":false,"failureDetails":[],"failureMessages":[],"fullName":"/api/transcribe DELETE /api/transcribe should return 400 if transcriptId is not a number","invocations":1,"location":null,"numPassingAsserts":0,"retryReasons":[],"startAt":1758287327554,"status":"pending","title":"should return 400 if transcriptId is not a number"},{"ancestorTitles":["/api/transcribe","DELETE /api/transcribe"],"duration":null,"failing":false,"failureDetails":[],"failureMessages":[],"fullName":"/api/transcribe DELETE /api/transcribe should return 404 if transcript not found","invocations":1,"location":null,"numPassingAsserts":0,"retryReasons":[],"startAt":1758287327554,"status":"pending","title":"should return 404 if transcript not found"},{"ancestorTitles":["/api/transcribe","DELETE /api/transcribe"],"duration":null,"failing":false,"failureDetails":[],"failureMessages":[],"fullName":"/api/transcribe DELETE /api/transcribe should handle database transaction errors","invocations":1,"location":null,"numPassingAsserts":0,"retryReasons":[],"startAt":1758287327554,"status":"pending","title":"should handle database transaction errors"},{"ancestorTitles":["/api/transcribe","Error Handling"],"duration":35,"failing":false,"failureDetails":[],"failureMessages":[],"fullName":"/api/transcribe Error Handling should handle malformed JSON in POST request","invocations":1,"location":null,"numPassingAsserts":2,"retryReasons":[],"startAt":1758287327554,"status":"passed","title":"should handle malformed JSON in POST request"},{"ancestorTitles":["/api/transcribe","Error Handling"],"duration":0,"failing":false,"failureDetails":[{"matcherResult":{"actual":400,"expected":500,"message":"expect(received).toBe(expected) // Object.is equality\n\nExpected: 500\nReceived: 400","name":"toBe","pass":false}}],"failureMessages":["Error: expect(received).toBe(expected) // Object.is equality\n\nExpected: 500\nReceived: 400\n    at Object.toBe (/Users/youming/GitHub/shadowing-learning/test/unit/app/api/transcribe/route.test.ts:506:31)\n    at processTicksAndRejections (node:internal/process/task_queues:105:5)"],"fullName":"/api/transcribe Error Handling should handle database connection errors","invocations":1,"location":null,"numPassingAsserts":0,"retryReasons":[],"startAt":1758287327589,"status":"failed","title":"should handle database connection errors"}],"endTime":1758287327600,"message":"  ● /api/transcribe › POST /api/transcribe › should successfully transcribe audio file\n\n    expect(received).toBe(expected) // Object.is equality\n\n    Expected: 200\n    Received: 400\n\n      114 |       const data = await response.json();\n      115 |\n    > 116 |       expect(response.status).toBe(200);\n          |                               ^\n      117 |       expect(data.success).toBe(true);\n      118 |       expect(data.data.transcriptId).toBe(1);\n      119 |       expect(data.data.text).toBe(mockTranscriptionResult.text);\n\n      at Object.toBe (test/unit/app/api/transcribe/route.test.ts:116:31)\n\n  ● /api/transcribe › POST /api/transcribe › should return 404 if file not found\n\n    expect(received).toBe(expected) // Object.is equality\n\n    Expected: 404\n    Received: 400\n\n      165 |       const data = await response.json();\n      166 |\n    > 167 |       expect(response.status).toBe(404);\n          |                               ^\n      168 |       expect(data.success).toBe(false);\n      169 |       expect(data.error.code).toBe('FILE_NOT_FOUND');\n      170 |     });\n\n      at Object.toBe (test/unit/app/api/transcribe/route.test.ts:167:31)\n\n  ● /api/transcribe › POST /api/transcribe › should return 409 if file already has completed transcription\n\n    expect(received).toBe(expected) // Object.is equality\n\n    Expected: 409\n    Received: 400\n\n      192 |       const data = await response.json();\n      193 |\n    > 194 |       expect(response.status).toBe(409);\n          |                               ^\n      195 |       expect(data.success).toBe(false);\n      196 |       expect(data.error.code).toBe('FILE_ALREADY_PROCESSED');\n      197 |     });\n\n      at Object.toBe (test/unit/app/api/transcribe/route.test.ts:194:31)\n\n  ● /api/transcribe › POST /api/transcribe › should handle transcription errors\n\n    expect(received).toBe(expected) // Object.is equality\n\n    Expected: 500\n    Received: 400\n\n      213 |       const data = await response.json();\n      214 |\n    > 215 |       expect(response.status).toBe(500);\n          |                               ^\n      216 |       expect(data.success).toBe(false);\n      217 |\n      218 |       // Verify transcript status was updated to failed\n\n      at Object.toBe (test/unit/app/api/transcribe/route.test.ts:215:31)\n\n  ● /api/transcribe › POST /api/transcribe › should use default parameters when not provided\n\n    expect(jest.fn()).toHaveBeenCalledWith(...expected)\n\n    Expected: {\"fileId\": 1, \"language\": \"ja\", \"processingTime\": 0, \"rawText\": \"\", \"status\": \"processing\"}\n\n    Number of calls: 0\n\n      243 |       await POST(minimalRequest);\n      244 |\n    > 245 |       expect(mockDbUtils.addTranscript).toHaveBeenCalledWith({\n          |                                         ^\n      246 |         fileId: 1,\n      247 |         status: 'processing',\n      248 |         language: 'ja', // Default\n\n      at Object.toHaveBeenCalledWith (test/unit/app/api/transcribe/route.test.ts:245:41)\n\n  ● /api/transcribe › POST /api/transcribe › should handle progress callback during transcription\n\n    expect(jest.fn()).toHaveBeenCalledWith(...expected)\n\n    Expected: 1, {\"status\": \"processing\"}\n\n    Number of calls: 0\n\n      286 |\n      287 |       // Verify progress update was called\n    > 288 |       expect(mockDbUtils.updateTranscript).toHaveBeenCalledWith(1, {\n          |                                            ^\n      289 |         status: 'processing',\n      290 |       });\n      291 |     });\n\n      at Object.toHaveBeenCalledWith (test/unit/app/api/transcribe/route.test.ts:288:44)\n\n  ● /api/transcribe › Error Handling › should handle database connection errors\n\n    expect(received).toBe(expected) // Object.is equality\n\n    Expected: 500\n    Received: 400\n\n      504 |       const data = await response.json();\n      505 |\n    > 506 |       expect(response.status).toBe(500);\n          |                               ^\n      507 |       expect(data.success).toBe(false);\n      508 |     });\n      509 |   });\n\n      at Object.toBe (test/unit/app/api/transcribe/route.test.ts:506:31)\n","name":"/Users/youming/GitHub/shadowing-learning/test/unit/app/api/transcribe/route.test.ts","startTime":1758287326653,"status":"failed","summary":""},{"assertionResults":[{"ancestorTitles":["FileList Component","Loading State"],"duration":300,"failing":false,"failureDetails":[{}],"failureMessages":["Error: Element type is invalid: expected a string (for built-in components) or a class/function (for composite components) but got: undefined. You likely forgot to export your component from the file it's defined in, or you might have mixed up default and named imports.\n\nCheck the render method of `FileList`.\n    at createFiberFromTypeAndProps (/Users/youming/GitHub/shadowing-learning/node_modules/.pnpm/react-dom@19.1.1_react@19.1.1/node_modules/react-dom/cjs/react-dom-client.development.js:4259:28)\n    at createFiberFromElement (/Users/youming/GitHub/shadowing-learning/node_modules/.pnpm/react-dom@19.1.1_react@19.1.1/node_modules/react-dom/cjs/react-dom-client.development.js:4273:14)\n    at createChild (/Users/youming/GitHub/shadowing-learning/node_modules/.pnpm/react-dom@19.1.1_react@19.1.1/node_modules/react-dom/cjs/react-dom-client.development.js:7297:26)\n    at reconcileChildrenArray (/Users/youming/GitHub/shadowing-learning/node_modules/.pnpm/react-dom@19.1.1_react@19.1.1/node_modules/react-dom/cjs/react-dom-client.development.js:7629:25)\n    at reconcileChildFibersImpl (/Users/youming/GitHub/shadowing-learning/node_modules/.pnpm/react-dom@19.1.1_react@19.1.1/node_modules/react-dom/cjs/react-dom-client.development.js:7952:30)\n    at /Users/youming/GitHub/shadowing-learning/node_modules/.pnpm/react-dom@19.1.1_react@19.1.1/node_modules/react-dom/cjs/react-dom-client.development.js:8057:33\n    at reconcileChildren (/Users/youming/GitHub/shadowing-learning/node_modules/.pnpm/react-dom@19.1.1_react@19.1.1/node_modules/react-dom/cjs/react-dom-client.development.js:8621:13)\n    at beginWork (/Users/youming/GitHub/shadowing-learning/node_modules/.pnpm/react-dom@19.1.1_react@19.1.1/node_modules/react-dom/cjs/react-dom-client.development.js:10793:13)\n    at runWithFiberInDEV (/Users/youming/GitHub/shadowing-learning/node_modules/.pnpm/react-dom@19.1.1_react@19.1.1/node_modules/react-dom/cjs/react-dom-client.development.js:1522:13)\n    at performUnitOfWork (/Users/youming/GitHub/shadowing-learning/node_modules/.pnpm/react-dom@19.1.1_react@19.1.1/node_modules/react-dom/cjs/react-dom-client.development.js:15140:22)\n    at workLoopSync (/Users/youming/GitHub/shadowing-learning/node_modules/.pnpm/react-dom@19.1.1_react@19.1.1/node_modules/react-dom/cjs/react-dom-client.development.js:14956:41)\n    at renderRootSync (/Users/youming/GitHub/shadowing-learning/node_modules/.pnpm/react-dom@19.1.1_react@19.1.1/node_modules/react-dom/cjs/react-dom-client.development.js:14936:11)\n    at performWorkOnRoot (/Users/youming/GitHub/shadowing-learning/node_modules/.pnpm/react-dom@19.1.1_react@19.1.1/node_modules/react-dom/cjs/react-dom-client.development.js:14462:44)\n    at performWorkOnRootViaSchedulerTask (/Users/youming/GitHub/shadowing-learning/node_modules/.pnpm/react-dom@19.1.1_react@19.1.1/node_modules/react-dom/cjs/react-dom-client.development.js:16216:7)\n    at flushActQueue (/Users/youming/GitHub/shadowing-learning/node_modules/.pnpm/react@19.1.1/node_modules/react/cjs/react.development.js:566:34)\n    at process.env.NODE_ENV.exports.act (/Users/youming/GitHub/shadowing-learning/node_modules/.pnpm/react@19.1.1/node_modules/react/cjs/react.development.js:860:10)\n    at /Users/youming/GitHub/shadowing-learning/node_modules/.pnpm/@testing-library+react@16.3.0_@testing-library+dom@10.4.1_@types+react-dom@19.1.9_@type_209958a8c2660792a0f8943acb0383be/node_modules/@testing-library/react/dist/act-compat.js:47:25\n    at renderRoot (/Users/youming/GitHub/shadowing-learning/node_modules/.pnpm/@testing-library+react@16.3.0_@testing-library+dom@10.4.1_@types+react-dom@19.1.9_@type_209958a8c2660792a0f8943acb0383be/node_modules/@testing-library/react/dist/pure.js:190:26)\n    at render (/Users/youming/GitHub/shadowing-learning/node_modules/.pnpm/@testing-library+react@16.3.0_@testing-library+dom@10.4.1_@types+react-dom@19.1.9_@type_209958a8c2660792a0f8943acb0383be/node_modules/@testing-library/react/dist/pure.js:292:10)\n    at Object.<anonymous> (/Users/youming/GitHub/shadowing-learning/test/unit/components/file-list.test.tsx:142:13)\n    at Promise.finally.completed (/Users/youming/GitHub/shadowing-learning/node_modules/.pnpm/jest-circus@30.1.3/node_modules/jest-circus/build/jestAdapterInit.js:1556:28)\n    at new Promise (<anonymous>)\n    at callAsyncCircusFn (/Users/youming/GitHub/shadowing-learning/node_modules/.pnpm/jest-circus@30.1.3/node_modules/jest-circus/build/jestAdapterInit.js:1496:10)\n    at _callCircusTest (/Users/youming/GitHub/shadowing-learning/node_modules/.pnpm/jest-circus@30.1.3/node_modules/jest-circus/build/jestAdapterInit.js:1006:40)\n    at processTicksAndRejections (node:internal/process/task_queues:105:5)\n    at _runTest (/Users/youming/GitHub/shadowing-learning/node_modules/.pnpm/jest-circus@30.1.3/node_modules/jest-circus/build/jestAdapterInit.js:946:3)\n    at _runTestsForDescribeBlock (/Users/youming/GitHub/shadowing-learning/node_modules/.pnpm/jest-circus@30.1.3/node_modules/jest-circus/build/jestAdapterInit.js:839:13)\n    at _runTestsForDescribeBlock (/Users/youming/GitHub/shadowing-learning/node_modules/.pnpm/jest-circus@30.1.3/node_modules/jest-circus/build/jestAdapterInit.js:829:11)\n    at _runTestsForDescribeBlock (/Users/youming/GitHub/shadowing-learning/node_modules/.pnpm/jest-circus@30.1.3/node_modules/jest-circus/build/jestAdapterInit.js:829:11)\n    at run (/Users/youming/GitHub/shadowing-learning/node_modules/.pnpm/jest-circus@30.1.3/node_modules/jest-circus/build/jestAdapterInit.js:757:3)\n    at runAndTransformResultsToJestFormat (/Users/youming/GitHub/shadowing-learning/node_modules/.pnpm/jest-circus@30.1.3/node_modules/jest-circus/build/jestAdapterInit.js:1917:21)\n    at jestAdapter (/Users/youming/GitHub/shadowing-learning/node_modules/.pnpm/jest-circus@30.1.3/node_modules/jest-circus/build/runner.js:101:19)\n    at runTestInternal (/Users/youming/GitHub/shadowing-learning/node_modules/.pnpm/jest-runner@30.1.3/node_modules/jest-runner/build/testWorker.js:275:16)\n    at runTest (/Users/youming/GitHub/shadowing-learning/node_modules/.pnpm/jest-runner@30.1.3/node_modules/jest-runner/build/testWorker.js:343:7)\n    at Object.worker (/Users/youming/GitHub/shadowing-learning/node_modules/.pnpm/jest-runner@30.1.3/node_modules/jest-runner/build/testWorker.js:497:12)"],"fullName":"FileList Component Loading State should show skeleton loading when isLoading is true","invocations":1,"location":null,"numPassingAsserts":0,"retryReasons":[],"startAt":1758287326788,"status":"failed","title":"should show skeleton loading when isLoading is true"},{"ancestorTitles":["FileList Component","Loading State"],"duration":12,"failing":false,"failureDetails":[{}],"failureMessages":["Error: Element type is invalid: expected a string (for built-in components) or a class/function (for composite components) but got: undefined. You likely forgot to export your component from the file it's defined in, or you might have mixed up default and named imports.\n\nCheck the render method of `FileList`.\n    at createFiberFromTypeAndProps (/Users/youming/GitHub/shadowing-learning/node_modules/.pnpm/react-dom@19.1.1_react@19.1.1/node_modules/react-dom/cjs/react-dom-client.development.js:4259:28)\n    at createFiberFromElement (/Users/youming/GitHub/shadowing-learning/node_modules/.pnpm/react-dom@19.1.1_react@19.1.1/node_modules/react-dom/cjs/react-dom-client.development.js:4273:14)\n    at createChild (/Users/youming/GitHub/shadowing-learning/node_modules/.pnpm/react-dom@19.1.1_react@19.1.1/node_modules/react-dom/cjs/react-dom-client.development.js:7297:26)\n    at reconcileChildrenArray (/Users/youming/GitHub/shadowing-learning/node_modules/.pnpm/react-dom@19.1.1_react@19.1.1/node_modules/react-dom/cjs/react-dom-client.development.js:7629:25)\n    at reconcileChildFibersImpl (/Users/youming/GitHub/shadowing-learning/node_modules/.pnpm/react-dom@19.1.1_react@19.1.1/node_modules/react-dom/cjs/react-dom-client.development.js:7952:30)\n    at /Users/youming/GitHub/shadowing-learning/node_modules/.pnpm/react-dom@19.1.1_react@19.1.1/node_modules/react-dom/cjs/react-dom-client.development.js:8057:33\n    at reconcileChildren (/Users/youming/GitHub/shadowing-learning/node_modules/.pnpm/react-dom@19.1.1_react@19.1.1/node_modules/react-dom/cjs/react-dom-client.development.js:8621:13)\n    at beginWork (/Users/youming/GitHub/shadowing-learning/node_modules/.pnpm/react-dom@19.1.1_react@19.1.1/node_modules/react-dom/cjs/react-dom-client.development.js:10793:13)\n    at runWithFiberInDEV (/Users/youming/GitHub/shadowing-learning/node_modules/.pnpm/react-dom@19.1.1_react@19.1.1/node_modules/react-dom/cjs/react-dom-client.development.js:1522:13)\n    at performUnitOfWork (/Users/youming/GitHub/shadowing-learning/node_modules/.pnpm/react-dom@19.1.1_react@19.1.1/node_modules/react-dom/cjs/react-dom-client.development.js:15140:22)\n    at workLoopSync (/Users/youming/GitHub/shadowing-learning/node_modules/.pnpm/react-dom@19.1.1_react@19.1.1/node_modules/react-dom/cjs/react-dom-client.development.js:14956:41)\n    at renderRootSync (/Users/youming/GitHub/shadowing-learning/node_modules/.pnpm/react-dom@19.1.1_react@19.1.1/node_modules/react-dom/cjs/react-dom-client.development.js:14936:11)\n    at performWorkOnRoot (/Users/youming/GitHub/shadowing-learning/node_modules/.pnpm/react-dom@19.1.1_react@19.1.1/node_modules/react-dom/cjs/react-dom-client.development.js:14462:44)\n    at performWorkOnRootViaSchedulerTask (/Users/youming/GitHub/shadowing-learning/node_modules/.pnpm/react-dom@19.1.1_react@19.1.1/node_modules/react-dom/cjs/react-dom-client.development.js:16216:7)\n    at flushActQueue (/Users/youming/GitHub/shadowing-learning/node_modules/.pnpm/react@19.1.1/node_modules/react/cjs/react.development.js:566:34)\n    at process.env.NODE_ENV.exports.act (/Users/youming/GitHub/shadowing-learning/node_modules/.pnpm/react@19.1.1/node_modules/react/cjs/react.development.js:860:10)\n    at /Users/youming/GitHub/shadowing-learning/node_modules/.pnpm/@testing-library+react@16.3.0_@testing-library+dom@10.4.1_@types+react-dom@19.1.9_@type_209958a8c2660792a0f8943acb0383be/node_modules/@testing-library/react/dist/act-compat.js:47:25\n    at renderRoot (/Users/youming/GitHub/shadowing-learning/node_modules/.pnpm/@testing-library+react@16.3.0_@testing-library+dom@10.4.1_@types+react-dom@19.1.9_@type_209958a8c2660792a0f8943acb0383be/node_modules/@testing-library/react/dist/pure.js:190:26)\n    at render (/Users/youming/GitHub/shadowing-learning/node_modules/.pnpm/@testing-library+react@16.3.0_@testing-library+dom@10.4.1_@types+react-dom@19.1.9_@type_209958a8c2660792a0f8943acb0383be/node_modules/@testing-library/react/dist/pure.js:292:10)\n    at Object.<anonymous> (/Users/youming/GitHub/shadowing-learning/test/unit/components/file-list.test.tsx:157:13)\n    at Promise.finally.completed (/Users/youming/GitHub/shadowing-learning/node_modules/.pnpm/jest-circus@30.1.3/node_modules/jest-circus/build/jestAdapterInit.js:1556:28)\n    at new Promise (<anonymous>)\n    at callAsyncCircusFn (/Users/youming/GitHub/shadowing-learning/node_modules/.pnpm/jest-circus@30.1.3/node_modules/jest-circus/build/jestAdapterInit.js:1496:10)\n    at _callCircusTest (/Users/youming/GitHub/shadowing-learning/node_modules/.pnpm/jest-circus@30.1.3/node_modules/jest-circus/build/jestAdapterInit.js:1006:40)\n    at processTicksAndRejections (node:internal/process/task_queues:105:5)\n    at _runTest (/Users/youming/GitHub/shadowing-learning/node_modules/.pnpm/jest-circus@30.1.3/node_modules/jest-circus/build/jestAdapterInit.js:946:3)\n    at _runTestsForDescribeBlock (/Users/youming/GitHub/shadowing-learning/node_modules/.pnpm/jest-circus@30.1.3/node_modules/jest-circus/build/jestAdapterInit.js:839:13)\n    at _runTestsForDescribeBlock (/Users/youming/GitHub/shadowing-learning/node_modules/.pnpm/jest-circus@30.1.3/node_modules/jest-circus/build/jestAdapterInit.js:829:11)\n    at _runTestsForDescribeBlock (/Users/youming/GitHub/shadowing-learning/node_modules/.pnpm/jest-circus@30.1.3/node_modules/jest-circus/build/jestAdapterInit.js:829:11)\n    at run (/Users/youming/GitHub/shadowing-learning/node_modules/.pnpm/jest-circus@30.1.3/node_modules/jest-circus/build/jestAdapterInit.js:757:3)\n    at runAndTransformResultsToJestFormat (/Users/youming/GitHub/shadowing-learning/node_modules/.pnpm/jest-circus@30.1.3/node_modules/jest-circus/build/jestAdapterInit.js:1917:21)\n    at jestAdapter (/Users/youming/GitHub/shadowing-learning/node_modules/.pnpm/jest-circus@30.1.3/node_modules/jest-circus/build/runner.js:101:19)\n    at runTestInternal (/Users/youming/GitHub/shadowing-learning/node_modules/.pnpm/jest-runner@30.1.3/node_modules/jest-runner/build/testWorker.js:275:16)\n    at runTest (/Users/youming/GitHub/shadowing-learning/node_modules/.pnpm/jest-runner@30.1.3/node_modules/jest-runner/build/testWorker.js:343:7)\n    at Object.worker (/Users/youming/GitHub/shadowing-learning/node_modules/.pnpm/jest-runner@30.1.3/node_modules/jest-runner/build/testWorker.js:497:12)"],"fullName":"FileList Component Loading State should show table headers during loading","invocations":1,"location":null,"numPassingAsserts":0,"retryReasons":[],"startAt":1758287327088,"status":"failed","title":"should show table headers during loading"},{"ancestorTitles":["FileList Component","Empty State"],"duration":39,"failing":false,"failureDetails":[],"failureMessages":[],"fullName":"FileList Component Empty State should show empty state when no files and not loading","invocations":1,"location":null,"numPassingAsserts":3,"retryReasons":[],"startAt":1758287327101,"status":"passed","title":"should show empty state when no files and not loading"},{"ancestorTitles":["FileList Component","File Display"],"duration":4,"failing":false,"failureDetails":[{}],"failureMessages":["Error: Element type is invalid: expected a string (for built-in components) or a class/function (for composite components) but got: undefined. You likely forgot to export your component from the file it's defined in, or you might have mixed up default and named imports.\n\nCheck the render method of `FileRowComponent`.\n    at createFiberFromTypeAndProps (/Users/youming/GitHub/shadowing-learning/node_modules/.pnpm/react-dom@19.1.1_react@19.1.1/node_modules/react-dom/cjs/react-dom-client.development.js:4259:28)\n    at createFiberFromElement (/Users/youming/GitHub/shadowing-learning/node_modules/.pnpm/react-dom@19.1.1_react@19.1.1/node_modules/react-dom/cjs/react-dom-client.development.js:4273:14)\n    at reconcileChildFibersImpl (/Users/youming/GitHub/shadowing-learning/node_modules/.pnpm/react-dom@19.1.1_react@19.1.1/node_modules/react-dom/cjs/react-dom-client.development.js:7879:31)\n    at /Users/youming/GitHub/shadowing-learning/node_modules/.pnpm/react-dom@19.1.1_react@19.1.1/node_modules/react-dom/cjs/react-dom-client.development.js:8057:33\n    at reconcileChildren (/Users/youming/GitHub/shadowing-learning/node_modules/.pnpm/react-dom@19.1.1_react@19.1.1/node_modules/react-dom/cjs/react-dom-client.development.js:8621:13)\n    at beginWork (/Users/youming/GitHub/shadowing-learning/node_modules/.pnpm/react-dom@19.1.1_react@19.1.1/node_modules/react-dom/cjs/react-dom-client.development.js:10793:13)\n    at runWithFiberInDEV (/Users/youming/GitHub/shadowing-learning/node_modules/.pnpm/react-dom@19.1.1_react@19.1.1/node_modules/react-dom/cjs/react-dom-client.development.js:1522:13)\n    at performUnitOfWork (/Users/youming/GitHub/shadowing-learning/node_modules/.pnpm/react-dom@19.1.1_react@19.1.1/node_modules/react-dom/cjs/react-dom-client.development.js:15140:22)\n    at workLoopSync (/Users/youming/GitHub/shadowing-learning/node_modules/.pnpm/react-dom@19.1.1_react@19.1.1/node_modules/react-dom/cjs/react-dom-client.development.js:14956:41)\n    at renderRootSync (/Users/youming/GitHub/shadowing-learning/node_modules/.pnpm/react-dom@19.1.1_react@19.1.1/node_modules/react-dom/cjs/react-dom-client.development.js:14936:11)\n    at performWorkOnRoot (/Users/youming/GitHub/shadowing-learning/node_modules/.pnpm/react-dom@19.1.1_react@19.1.1/node_modules/react-dom/cjs/react-dom-client.development.js:14462:44)\n    at performWorkOnRootViaSchedulerTask (/Users/youming/GitHub/shadowing-learning/node_modules/.pnpm/react-dom@19.1.1_react@19.1.1/node_modules/react-dom/cjs/react-dom-client.development.js:16216:7)\n    at flushActQueue (/Users/youming/GitHub/shadowing-learning/node_modules/.pnpm/react@19.1.1/node_modules/react/cjs/react.development.js:566:34)\n    at process.env.NODE_ENV.exports.act (/Users/youming/GitHub/shadowing-learning/node_modules/.pnpm/react@19.1.1/node_modules/react/cjs/react.development.js:860:10)\n    at /Users/youming/GitHub/shadowing-learning/node_modules/.pnpm/@testing-library+react@16.3.0_@testing-library+dom@10.4.1_@types+react-dom@19.1.9_@type_209958a8c2660792a0f8943acb0383be/node_modules/@testing-library/react/dist/act-compat.js:47:25\n    at renderRoot (/Users/youming/GitHub/shadowing-learning/node_modules/.pnpm/@testing-library+react@16.3.0_@testing-library+dom@10.4.1_@types+react-dom@19.1.9_@type_209958a8c2660792a0f8943acb0383be/node_modules/@testing-library/react/dist/pure.js:190:26)\n    at render (/Users/youming/GitHub/shadowing-learning/node_modules/.pnpm/@testing-library+react@16.3.0_@testing-library+dom@10.4.1_@types+react-dom@19.1.9_@type_209958a8c2660792a0f8943acb0383be/node_modules/@testing-library/react/dist/pure.js:292:10)\n    at Object.<anonymous> (/Users/youming/GitHub/shadowing-learning/test/unit/components/file-list.test.tsx:205:13)\n    at Promise.finally.completed (/Users/youming/GitHub/shadowing-learning/node_modules/.pnpm/jest-circus@30.1.3/node_modules/jest-circus/build/jestAdapterInit.js:1556:28)\n    at new Promise (<anonymous>)\n    at callAsyncCircusFn (/Users/youming/GitHub/shadowing-learning/node_modules/.pnpm/jest-circus@30.1.3/node_modules/jest-circus/build/jestAdapterInit.js:1496:10)\n    at _callCircusTest (/Users/youming/GitHub/shadowing-learning/node_modules/.pnpm/jest-circus@30.1.3/node_modules/jest-circus/build/jestAdapterInit.js:1006:40)\n    at processTicksAndRejections (node:internal/process/task_queues:105:5)\n    at _runTest (/Users/youming/GitHub/shadowing-learning/node_modules/.pnpm/jest-circus@30.1.3/node_modules/jest-circus/build/jestAdapterInit.js:946:3)\n    at _runTestsForDescribeBlock (/Users/youming/GitHub/shadowing-learning/node_modules/.pnpm/jest-circus@30.1.3/node_modules/jest-circus/build/jestAdapterInit.js:839:13)\n    at _runTestsForDescribeBlock (/Users/youming/GitHub/shadowing-learning/node_modules/.pnpm/jest-circus@30.1.3/node_modules/jest-circus/build/jestAdapterInit.js:829:11)\n    at _runTestsForDescribeBlock (/Users/youming/GitHub/shadowing-learning/node_modules/.pnpm/jest-circus@30.1.3/node_modules/jest-circus/build/jestAdapterInit.js:829:11)\n    at run (/Users/youming/GitHub/shadowing-learning/node_modules/.pnpm/jest-circus@30.1.3/node_modules/jest-circus/build/jestAdapterInit.js:757:3)\n    at runAndTransformResultsToJestFormat (/Users/youming/GitHub/shadowing-learning/node_modules/.pnpm/jest-circus@30.1.3/node_modules/jest-circus/build/jestAdapterInit.js:1917:21)\n    at jestAdapter (/Users/youming/GitHub/shadowing-learning/node_modules/.pnpm/jest-circus@30.1.3/node_modules/jest-circus/build/runner.js:101:19)\n    at runTestInternal (/Users/youming/GitHub/shadowing-learning/node_modules/.pnpm/jest-runner@30.1.3/node_modules/jest-runner/build/testWorker.js:275:16)\n    at runTest (/Users/youming/GitHub/shadowing-learning/node_modules/.pnpm/jest-runner@30.1.3/node_modules/jest-runner/build/testWorker.js:343:7)\n    at Object.worker (/Users/youming/GitHub/shadowing-learning/node_modules/.pnpm/jest-runner@30.1.3/node_modules/jest-runner/build/testWorker.js:497:12)"],"fullName":"FileList Component File Display should display file information correctly","invocations":1,"location":null,"numPassingAsserts":0,"retryReasons":[],"startAt":1758287327140,"status":"failed","title":"should display file information correctly"},{"ancestorTitles":["FileList Component","File Display"],"duration":3,"failing":false,"failureDetails":[{}],"failureMessages":["Error: Element type is invalid: expected a string (for built-in components) or a class/function (for composite components) but got: undefined. You likely forgot to export your component from the file it's defined in, or you might have mixed up default and named imports.\n\nCheck the render method of `FileRowComponent`.\n    at createFiberFromTypeAndProps (/Users/youming/GitHub/shadowing-learning/node_modules/.pnpm/react-dom@19.1.1_react@19.1.1/node_modules/react-dom/cjs/react-dom-client.development.js:4259:28)\n    at createFiberFromElement (/Users/youming/GitHub/shadowing-learning/node_modules/.pnpm/react-dom@19.1.1_react@19.1.1/node_modules/react-dom/cjs/react-dom-client.development.js:4273:14)\n    at reconcileChildFibersImpl (/Users/youming/GitHub/shadowing-learning/node_modules/.pnpm/react-dom@19.1.1_react@19.1.1/node_modules/react-dom/cjs/react-dom-client.development.js:7879:31)\n    at /Users/youming/GitHub/shadowing-learning/node_modules/.pnpm/react-dom@19.1.1_react@19.1.1/node_modules/react-dom/cjs/react-dom-client.development.js:8057:33\n    at reconcileChildren (/Users/youming/GitHub/shadowing-learning/node_modules/.pnpm/react-dom@19.1.1_react@19.1.1/node_modules/react-dom/cjs/react-dom-client.development.js:8621:13)\n    at beginWork (/Users/youming/GitHub/shadowing-learning/node_modules/.pnpm/react-dom@19.1.1_react@19.1.1/node_modules/react-dom/cjs/react-dom-client.development.js:10793:13)\n    at runWithFiberInDEV (/Users/youming/GitHub/shadowing-learning/node_modules/.pnpm/react-dom@19.1.1_react@19.1.1/node_modules/react-dom/cjs/react-dom-client.development.js:1522:13)\n    at performUnitOfWork (/Users/youming/GitHub/shadowing-learning/node_modules/.pnpm/react-dom@19.1.1_react@19.1.1/node_modules/react-dom/cjs/react-dom-client.development.js:15140:22)\n    at workLoopSync (/Users/youming/GitHub/shadowing-learning/node_modules/.pnpm/react-dom@19.1.1_react@19.1.1/node_modules/react-dom/cjs/react-dom-client.development.js:14956:41)\n    at renderRootSync (/Users/youming/GitHub/shadowing-learning/node_modules/.pnpm/react-dom@19.1.1_react@19.1.1/node_modules/react-dom/cjs/react-dom-client.development.js:14936:11)\n    at performWorkOnRoot (/Users/youming/GitHub/shadowing-learning/node_modules/.pnpm/react-dom@19.1.1_react@19.1.1/node_modules/react-dom/cjs/react-dom-client.development.js:14462:44)\n    at performWorkOnRootViaSchedulerTask (/Users/youming/GitHub/shadowing-learning/node_modules/.pnpm/react-dom@19.1.1_react@19.1.1/node_modules/react-dom/cjs/react-dom-client.development.js:16216:7)\n    at flushActQueue (/Users/youming/GitHub/shadowing-learning/node_modules/.pnpm/react@19.1.1/node_modules/react/cjs/react.development.js:566:34)\n    at process.env.NODE_ENV.exports.act (/Users/youming/GitHub/shadowing-learning/node_modules/.pnpm/react@19.1.1/node_modules/react/cjs/react.development.js:860:10)\n    at /Users/youming/GitHub/shadowing-learning/node_modules/.pnpm/@testing-library+react@16.3.0_@testing-library+dom@10.4.1_@types+react-dom@19.1.9_@type_209958a8c2660792a0f8943acb0383be/node_modules/@testing-library/react/dist/act-compat.js:47:25\n    at renderRoot (/Users/youming/GitHub/shadowing-learning/node_modules/.pnpm/@testing-library+react@16.3.0_@testing-library+dom@10.4.1_@types+react-dom@19.1.9_@type_209958a8c2660792a0f8943acb0383be/node_modules/@testing-library/react/dist/pure.js:190:26)\n    at render (/Users/youming/GitHub/shadowing-learning/node_modules/.pnpm/@testing-library+react@16.3.0_@testing-library+dom@10.4.1_@types+react-dom@19.1.9_@type_209958a8c2660792a0f8943acb0383be/node_modules/@testing-library/react/dist/pure.js:292:10)\n    at Object.<anonymous> (/Users/youming/GitHub/shadowing-learning/test/unit/components/file-list.test.tsx:228:13)\n    at Promise.finally.completed (/Users/youming/GitHub/shadowing-learning/node_modules/.pnpm/jest-circus@30.1.3/node_modules/jest-circus/build/jestAdapterInit.js:1556:28)\n    at new Promise (<anonymous>)\n    at callAsyncCircusFn (/Users/youming/GitHub/shadowing-learning/node_modules/.pnpm/jest-circus@30.1.3/node_modules/jest-circus/build/jestAdapterInit.js:1496:10)\n    at _callCircusTest (/Users/youming/GitHub/shadowing-learning/node_modules/.pnpm/jest-circus@30.1.3/node_modules/jest-circus/build/jestAdapterInit.js:1006:40)\n    at processTicksAndRejections (node:internal/process/task_queues:105:5)\n    at _runTest (/Users/youming/GitHub/shadowing-learning/node_modules/.pnpm/jest-circus@30.1.3/node_modules/jest-circus/build/jestAdapterInit.js:946:3)\n    at _runTestsForDescribeBlock (/Users/youming/GitHub/shadowing-learning/node_modules/.pnpm/jest-circus@30.1.3/node_modules/jest-circus/build/jestAdapterInit.js:839:13)\n    at _runTestsForDescribeBlock (/Users/youming/GitHub/shadowing-learning/node_modules/.pnpm/jest-circus@30.1.3/node_modules/jest-circus/build/jestAdapterInit.js:829:11)\n    at _runTestsForDescribeBlock (/Users/youming/GitHub/shadowing-learning/node_modules/.pnpm/jest-circus@30.1.3/node_modules/jest-circus/build/jestAdapterInit.js:829:11)\n    at run (/Users/youming/GitHub/shadowing-learning/node_modules/.pnpm/jest-circus@30.1.3/node_modules/jest-circus/build/jestAdapterInit.js:757:3)\n    at runAndTransformResultsToJestFormat (/Users/youming/GitHub/shadowing-learning/node_modules/.pnpm/jest-circus@30.1.3/node_modules/jest-circus/build/jestAdapterInit.js:1917:21)\n    at jestAdapter (/Users/youming/GitHub/shadowing-learning/node_modules/.pnpm/jest-circus@30.1.3/node_modules/jest-circus/build/runner.js:101:19)\n    at runTestInternal (/Users/youming/GitHub/shadowing-learning/node_modules/.pnpm/jest-runner@30.1.3/node_modules/jest-runner/build/testWorker.js:275:16)\n    at runTest (/Users/youming/GitHub/shadowing-learning/node_modules/.pnpm/jest-runner@30.1.3/node_modules/jest-runner/build/testWorker.js:343:7)\n    at Object.worker (/Users/youming/GitHub/shadowing-learning/node_modules/.pnpm/jest-runner@30.1.3/node_modules/jest-runner/build/testWorker.js:497:12)"],"fullName":"FileList Component File Display should format different file sizes correctly","invocations":1,"location":null,"numPassingAsserts":0,"retryReasons":[],"startAt":1758287327145,"status":"failed","title":"should format different file sizes correctly"},{"ancestorTitles":["FileList Component","File Display"],"duration":4,"failing":false,"failureDetails":[{}],"failureMessages":["Error: Element type is invalid: expected a string (for built-in components) or a class/function (for composite components) but got: undefined. You likely forgot to export your component from the file it's defined in, or you might have mixed up default and named imports.\n\nCheck the render method of `FileRowComponent`.\n    at createFiberFromTypeAndProps (/Users/youming/GitHub/shadowing-learning/node_modules/.pnpm/react-dom@19.1.1_react@19.1.1/node_modules/react-dom/cjs/react-dom-client.development.js:4259:28)\n    at createFiberFromElement (/Users/youming/GitHub/shadowing-learning/node_modules/.pnpm/react-dom@19.1.1_react@19.1.1/node_modules/react-dom/cjs/react-dom-client.development.js:4273:14)\n    at reconcileChildFibersImpl (/Users/youming/GitHub/shadowing-learning/node_modules/.pnpm/react-dom@19.1.1_react@19.1.1/node_modules/react-dom/cjs/react-dom-client.development.js:7879:31)\n    at /Users/youming/GitHub/shadowing-learning/node_modules/.pnpm/react-dom@19.1.1_react@19.1.1/node_modules/react-dom/cjs/react-dom-client.development.js:8057:33\n    at reconcileChildren (/Users/youming/GitHub/shadowing-learning/node_modules/.pnpm/react-dom@19.1.1_react@19.1.1/node_modules/react-dom/cjs/react-dom-client.development.js:8621:13)\n    at beginWork (/Users/youming/GitHub/shadowing-learning/node_modules/.pnpm/react-dom@19.1.1_react@19.1.1/node_modules/react-dom/cjs/react-dom-client.development.js:10793:13)\n    at runWithFiberInDEV (/Users/youming/GitHub/shadowing-learning/node_modules/.pnpm/react-dom@19.1.1_react@19.1.1/node_modules/react-dom/cjs/react-dom-client.development.js:1522:13)\n    at performUnitOfWork (/Users/youming/GitHub/shadowing-learning/node_modules/.pnpm/react-dom@19.1.1_react@19.1.1/node_modules/react-dom/cjs/react-dom-client.development.js:15140:22)\n    at workLoopSync (/Users/youming/GitHub/shadowing-learning/node_modules/.pnpm/react-dom@19.1.1_react@19.1.1/node_modules/react-dom/cjs/react-dom-client.development.js:14956:41)\n    at renderRootSync (/Users/youming/GitHub/shadowing-learning/node_modules/.pnpm/react-dom@19.1.1_react@19.1.1/node_modules/react-dom/cjs/react-dom-client.development.js:14936:11)\n    at performWorkOnRoot (/Users/youming/GitHub/shadowing-learning/node_modules/.pnpm/react-dom@19.1.1_react@19.1.1/node_modules/react-dom/cjs/react-dom-client.development.js:14462:44)\n    at performWorkOnRootViaSchedulerTask (/Users/youming/GitHub/shadowing-learning/node_modules/.pnpm/react-dom@19.1.1_react@19.1.1/node_modules/react-dom/cjs/react-dom-client.development.js:16216:7)\n    at flushActQueue (/Users/youming/GitHub/shadowing-learning/node_modules/.pnpm/react@19.1.1/node_modules/react/cjs/react.development.js:566:34)\n    at process.env.NODE_ENV.exports.act (/Users/youming/GitHub/shadowing-learning/node_modules/.pnpm/react@19.1.1/node_modules/react/cjs/react.development.js:860:10)\n    at /Users/youming/GitHub/shadowing-learning/node_modules/.pnpm/@testing-library+react@16.3.0_@testing-library+dom@10.4.1_@types+react-dom@19.1.9_@type_209958a8c2660792a0f8943acb0383be/node_modules/@testing-library/react/dist/act-compat.js:47:25\n    at renderRoot (/Users/youming/GitHub/shadowing-learning/node_modules/.pnpm/@testing-library+react@16.3.0_@testing-library+dom@10.4.1_@types+react-dom@19.1.9_@type_209958a8c2660792a0f8943acb0383be/node_modules/@testing-library/react/dist/pure.js:190:26)\n    at render (/Users/youming/GitHub/shadowing-learning/node_modules/.pnpm/@testing-library+react@16.3.0_@testing-library+dom@10.4.1_@types+react-dom@19.1.9_@type_209958a8c2660792a0f8943acb0383be/node_modules/@testing-library/react/dist/pure.js:292:10)\n    at Object.<anonymous> (/Users/youming/GitHub/shadowing-learning/test/unit/components/file-list.test.tsx:246:13)\n    at Promise.finally.completed (/Users/youming/GitHub/shadowing-learning/node_modules/.pnpm/jest-circus@30.1.3/node_modules/jest-circus/build/jestAdapterInit.js:1556:28)\n    at new Promise (<anonymous>)\n    at callAsyncCircusFn (/Users/youming/GitHub/shadowing-learning/node_modules/.pnpm/jest-circus@30.1.3/node_modules/jest-circus/build/jestAdapterInit.js:1496:10)\n    at _callCircusTest (/Users/youming/GitHub/shadowing-learning/node_modules/.pnpm/jest-circus@30.1.3/node_modules/jest-circus/build/jestAdapterInit.js:1006:40)\n    at processTicksAndRejections (node:internal/process/task_queues:105:5)\n    at _runTest (/Users/youming/GitHub/shadowing-learning/node_modules/.pnpm/jest-circus@30.1.3/node_modules/jest-circus/build/jestAdapterInit.js:946:3)\n    at _runTestsForDescribeBlock (/Users/youming/GitHub/shadowing-learning/node_modules/.pnpm/jest-circus@30.1.3/node_modules/jest-circus/build/jestAdapterInit.js:839:13)\n    at _runTestsForDescribeBlock (/Users/youming/GitHub/shadowing-learning/node_modules/.pnpm/jest-circus@30.1.3/node_modules/jest-circus/build/jestAdapterInit.js:829:11)\n    at _runTestsForDescribeBlock (/Users/youming/GitHub/shadowing-learning/node_modules/.pnpm/jest-circus@30.1.3/node_modules/jest-circus/build/jestAdapterInit.js:829:11)\n    at run (/Users/youming/GitHub/shadowing-learning/node_modules/.pnpm/jest-circus@30.1.3/node_modules/jest-circus/build/jestAdapterInit.js:757:3)\n    at runAndTransformResultsToJestFormat (/Users/youming/GitHub/shadowing-learning/node_modules/.pnpm/jest-circus@30.1.3/node_modules/jest-circus/build/jestAdapterInit.js:1917:21)\n    at jestAdapter (/Users/youming/GitHub/shadowing-learning/node_modules/.pnpm/jest-circus@30.1.3/node_modules/jest-circus/build/runner.js:101:19)\n    at runTestInternal (/Users/youming/GitHub/shadowing-learning/node_modules/.pnpm/jest-runner@30.1.3/node_modules/jest-runner/build/testWorker.js:275:16)\n    at runTest (/Users/youming/GitHub/shadowing-learning/node_modules/.pnpm/jest-runner@30.1.3/node_modules/jest-runner/build/testWorker.js:343:7)\n    at Object.worker (/Users/youming/GitHub/shadowing-learning/node_modules/.pnpm/jest-runner@30.1.3/node_modules/jest-runner/build/testWorker.js:497:12)"],"fullName":"FileList Component File Display should handle zero file size","invocations":1,"location":null,"numPassingAsserts":0,"retryReasons":[],"startAt":1758287327148,"status":"failed","title":"should handle zero file size"},{"ancestorTitles":["FileList Component","File Display"],"duration":3,"failing":false,"failureDetails":[{}],"failureMessages":["Error: Element type is invalid: expected a string (for built-in components) or a class/function (for composite components) but got: undefined. You likely forgot to export your component from the file it's defined in, or you might have mixed up default and named imports.\n\nCheck the render method of `FileRowComponent`.\n    at createFiberFromTypeAndProps (/Users/youming/GitHub/shadowing-learning/node_modules/.pnpm/react-dom@19.1.1_react@19.1.1/node_modules/react-dom/cjs/react-dom-client.development.js:4259:28)\n    at createFiberFromElement (/Users/youming/GitHub/shadowing-learning/node_modules/.pnpm/react-dom@19.1.1_react@19.1.1/node_modules/react-dom/cjs/react-dom-client.development.js:4273:14)\n    at reconcileChildFibersImpl (/Users/youming/GitHub/shadowing-learning/node_modules/.pnpm/react-dom@19.1.1_react@19.1.1/node_modules/react-dom/cjs/react-dom-client.development.js:7879:31)\n    at /Users/youming/GitHub/shadowing-learning/node_modules/.pnpm/react-dom@19.1.1_react@19.1.1/node_modules/react-dom/cjs/react-dom-client.development.js:8057:33\n    at reconcileChildren (/Users/youming/GitHub/shadowing-learning/node_modules/.pnpm/react-dom@19.1.1_react@19.1.1/node_modules/react-dom/cjs/react-dom-client.development.js:8621:13)\n    at beginWork (/Users/youming/GitHub/shadowing-learning/node_modules/.pnpm/react-dom@19.1.1_react@19.1.1/node_modules/react-dom/cjs/react-dom-client.development.js:10793:13)\n    at runWithFiberInDEV (/Users/youming/GitHub/shadowing-learning/node_modules/.pnpm/react-dom@19.1.1_react@19.1.1/node_modules/react-dom/cjs/react-dom-client.development.js:1522:13)\n    at performUnitOfWork (/Users/youming/GitHub/shadowing-learning/node_modules/.pnpm/react-dom@19.1.1_react@19.1.1/node_modules/react-dom/cjs/react-dom-client.development.js:15140:22)\n    at workLoopSync (/Users/youming/GitHub/shadowing-learning/node_modules/.pnpm/react-dom@19.1.1_react@19.1.1/node_modules/react-dom/cjs/react-dom-client.development.js:14956:41)\n    at renderRootSync (/Users/youming/GitHub/shadowing-learning/node_modules/.pnpm/react-dom@19.1.1_react@19.1.1/node_modules/react-dom/cjs/react-dom-client.development.js:14936:11)\n    at performWorkOnRoot (/Users/youming/GitHub/shadowing-learning/node_modules/.pnpm/react-dom@19.1.1_react@19.1.1/node_modules/react-dom/cjs/react-dom-client.development.js:14462:44)\n    at performWorkOnRootViaSchedulerTask (/Users/youming/GitHub/shadowing-learning/node_modules/.pnpm/react-dom@19.1.1_react@19.1.1/node_modules/react-dom/cjs/react-dom-client.development.js:16216:7)\n    at flushActQueue (/Users/youming/GitHub/shadowing-learning/node_modules/.pnpm/react@19.1.1/node_modules/react/cjs/react.development.js:566:34)\n    at process.env.NODE_ENV.exports.act (/Users/youming/GitHub/shadowing-learning/node_modules/.pnpm/react@19.1.1/node_modules/react/cjs/react.development.js:860:10)\n    at /Users/youming/GitHub/shadowing-learning/node_modules/.pnpm/@testing-library+react@16.3.0_@testing-library+dom@10.4.1_@types+react-dom@19.1.9_@type_209958a8c2660792a0f8943acb0383be/node_modules/@testing-library/react/dist/act-compat.js:47:25\n    at renderRoot (/Users/youming/GitHub/shadowing-learning/node_modules/.pnpm/@testing-library+react@16.3.0_@testing-library+dom@10.4.1_@types+react-dom@19.1.9_@type_209958a8c2660792a0f8943acb0383be/node_modules/@testing-library/react/dist/pure.js:190:26)\n    at render (/Users/youming/GitHub/shadowing-learning/node_modules/.pnpm/@testing-library+react@16.3.0_@testing-library+dom@10.4.1_@types+react-dom@19.1.9_@type_209958a8c2660792a0f8943acb0383be/node_modules/@testing-library/react/dist/pure.js:292:10)\n    at Object.<anonymous> (/Users/youming/GitHub/shadowing-learning/test/unit/components/file-list.test.tsx:266:13)\n    at Promise.finally.completed (/Users/youming/GitHub/shadowing-learning/node_modules/.pnpm/jest-circus@30.1.3/node_modules/jest-circus/build/jestAdapterInit.js:1556:28)\n    at new Promise (<anonymous>)\n    at callAsyncCircusFn (/Users/youming/GitHub/shadowing-learning/node_modules/.pnpm/jest-circus@30.1.3/node_modules/jest-circus/build/jestAdapterInit.js:1496:10)\n    at _callCircusTest (/Users/youming/GitHub/shadowing-learning/node_modules/.pnpm/jest-circus@30.1.3/node_modules/jest-circus/build/jestAdapterInit.js:1006:40)\n    at processTicksAndRejections (node:internal/process/task_queues:105:5)\n    at _runTest (/Users/youming/GitHub/shadowing-learning/node_modules/.pnpm/jest-circus@30.1.3/node_modules/jest-circus/build/jestAdapterInit.js:946:3)\n    at _runTestsForDescribeBlock (/Users/youming/GitHub/shadowing-learning/node_modules/.pnpm/jest-circus@30.1.3/node_modules/jest-circus/build/jestAdapterInit.js:839:13)\n    at _runTestsForDescribeBlock (/Users/youming/GitHub/shadowing-learning/node_modules/.pnpm/jest-circus@30.1.3/node_modules/jest-circus/build/jestAdapterInit.js:829:11)\n    at _runTestsForDescribeBlock (/Users/youming/GitHub/shadowing-learning/node_modules/.pnpm/jest-circus@30.1.3/node_modules/jest-circus/build/jestAdapterInit.js:829:11)\n    at run (/Users/youming/GitHub/shadowing-learning/node_modules/.pnpm/jest-circus@30.1.3/node_modules/jest-circus/build/jestAdapterInit.js:757:3)\n    at runAndTransformResultsToJestFormat (/Users/youming/GitHub/shadowing-learning/node_modules/.pnpm/jest-circus@30.1.3/node_modules/jest-circus/build/jestAdapterInit.js:1917:21)\n    at jestAdapter (/Users/youming/GitHub/shadowing-learning/node_modules/.pnpm/jest-circus@30.1.3/node_modules/jest-circus/build/runner.js:101:19)\n    at runTestInternal (/Users/youming/GitHub/shadowing-learning/node_modules/.pnpm/jest-runner@30.1.3/node_modules/jest-runner/build/testWorker.js:275:16)\n    at runTest (/Users/youming/GitHub/shadowing-learning/node_modules/.pnpm/jest-runner@30.1.3/node_modules/jest-runner/build/testWorker.js:343:7)\n    at Object.worker (/Users/youming/GitHub/shadowing-learning/node_modules/.pnpm/jest-runner@30.1.3/node_modules/jest-runner/build/testWorker.js:497:12)"],"fullName":"FileList Component File Display should format duration correctly","invocations":1,"location":null,"numPassingAsserts":0,"retryReasons":[],"startAt":1758287327152,"status":"failed","title":"should format duration correctly"},{"ancestorTitles":["FileList Component","File Display"],"duration":3,"failing":false,"failureDetails":[{}],"failureMessages":["Error: Element type is invalid: expected a string (for built-in components) or a class/function (for composite components) but got: undefined. You likely forgot to export your component from the file it's defined in, or you might have mixed up default and named imports.\n\nCheck the render method of `FileRowComponent`.\n    at createFiberFromTypeAndProps (/Users/youming/GitHub/shadowing-learning/node_modules/.pnpm/react-dom@19.1.1_react@19.1.1/node_modules/react-dom/cjs/react-dom-client.development.js:4259:28)\n    at createFiberFromElement (/Users/youming/GitHub/shadowing-learning/node_modules/.pnpm/react-dom@19.1.1_react@19.1.1/node_modules/react-dom/cjs/react-dom-client.development.js:4273:14)\n    at reconcileChildFibersImpl (/Users/youming/GitHub/shadowing-learning/node_modules/.pnpm/react-dom@19.1.1_react@19.1.1/node_modules/react-dom/cjs/react-dom-client.development.js:7879:31)\n    at /Users/youming/GitHub/shadowing-learning/node_modules/.pnpm/react-dom@19.1.1_react@19.1.1/node_modules/react-dom/cjs/react-dom-client.development.js:8057:33\n    at reconcileChildren (/Users/youming/GitHub/shadowing-learning/node_modules/.pnpm/react-dom@19.1.1_react@19.1.1/node_modules/react-dom/cjs/react-dom-client.development.js:8621:13)\n    at beginWork (/Users/youming/GitHub/shadowing-learning/node_modules/.pnpm/react-dom@19.1.1_react@19.1.1/node_modules/react-dom/cjs/react-dom-client.development.js:10793:13)\n    at runWithFiberInDEV (/Users/youming/GitHub/shadowing-learning/node_modules/.pnpm/react-dom@19.1.1_react@19.1.1/node_modules/react-dom/cjs/react-dom-client.development.js:1522:13)\n    at performUnitOfWork (/Users/youming/GitHub/shadowing-learning/node_modules/.pnpm/react-dom@19.1.1_react@19.1.1/node_modules/react-dom/cjs/react-dom-client.development.js:15140:22)\n    at workLoopSync (/Users/youming/GitHub/shadowing-learning/node_modules/.pnpm/react-dom@19.1.1_react@19.1.1/node_modules/react-dom/cjs/react-dom-client.development.js:14956:41)\n    at renderRootSync (/Users/youming/GitHub/shadowing-learning/node_modules/.pnpm/react-dom@19.1.1_react@19.1.1/node_modules/react-dom/cjs/react-dom-client.development.js:14936:11)\n    at performWorkOnRoot (/Users/youming/GitHub/shadowing-learning/node_modules/.pnpm/react-dom@19.1.1_react@19.1.1/node_modules/react-dom/cjs/react-dom-client.development.js:14462:44)\n    at performWorkOnRootViaSchedulerTask (/Users/youming/GitHub/shadowing-learning/node_modules/.pnpm/react-dom@19.1.1_react@19.1.1/node_modules/react-dom/cjs/react-dom-client.development.js:16216:7)\n    at flushActQueue (/Users/youming/GitHub/shadowing-learning/node_modules/.pnpm/react@19.1.1/node_modules/react/cjs/react.development.js:566:34)\n    at process.env.NODE_ENV.exports.act (/Users/youming/GitHub/shadowing-learning/node_modules/.pnpm/react@19.1.1/node_modules/react/cjs/react.development.js:860:10)\n    at /Users/youming/GitHub/shadowing-learning/node_modules/.pnpm/@testing-library+react@16.3.0_@testing-library+dom@10.4.1_@types+react-dom@19.1.9_@type_209958a8c2660792a0f8943acb0383be/node_modules/@testing-library/react/dist/act-compat.js:47:25\n    at renderRoot (/Users/youming/GitHub/shadowing-learning/node_modules/.pnpm/@testing-library+react@16.3.0_@testing-library+dom@10.4.1_@types+react-dom@19.1.9_@type_209958a8c2660792a0f8943acb0383be/node_modules/@testing-library/react/dist/pure.js:190:26)\n    at render (/Users/youming/GitHub/shadowing-learning/node_modules/.pnpm/@testing-library+react@16.3.0_@testing-library+dom@10.4.1_@types+react-dom@19.1.9_@type_209958a8c2660792a0f8943acb0383be/node_modules/@testing-library/react/dist/pure.js:292:10)\n    at Object.<anonymous> (/Users/youming/GitHub/shadowing-learning/test/unit/components/file-list.test.tsx:287:13)\n    at Promise.finally.completed (/Users/youming/GitHub/shadowing-learning/node_modules/.pnpm/jest-circus@30.1.3/node_modules/jest-circus/build/jestAdapterInit.js:1556:28)\n    at new Promise (<anonymous>)\n    at callAsyncCircusFn (/Users/youming/GitHub/shadowing-learning/node_modules/.pnpm/jest-circus@30.1.3/node_modules/jest-circus/build/jestAdapterInit.js:1496:10)\n    at _callCircusTest (/Users/youming/GitHub/shadowing-learning/node_modules/.pnpm/jest-circus@30.1.3/node_modules/jest-circus/build/jestAdapterInit.js:1006:40)\n    at processTicksAndRejections (node:internal/process/task_queues:105:5)\n    at _runTest (/Users/youming/GitHub/shadowing-learning/node_modules/.pnpm/jest-circus@30.1.3/node_modules/jest-circus/build/jestAdapterInit.js:946:3)\n    at _runTestsForDescribeBlock (/Users/youming/GitHub/shadowing-learning/node_modules/.pnpm/jest-circus@30.1.3/node_modules/jest-circus/build/jestAdapterInit.js:839:13)\n    at _runTestsForDescribeBlock (/Users/youming/GitHub/shadowing-learning/node_modules/.pnpm/jest-circus@30.1.3/node_modules/jest-circus/build/jestAdapterInit.js:829:11)\n    at _runTestsForDescribeBlock (/Users/youming/GitHub/shadowing-learning/node_modules/.pnpm/jest-circus@30.1.3/node_modules/jest-circus/build/jestAdapterInit.js:829:11)\n    at run (/Users/youming/GitHub/shadowing-learning/node_modules/.pnpm/jest-circus@30.1.3/node_modules/jest-circus/build/jestAdapterInit.js:757:3)\n    at runAndTransformResultsToJestFormat (/Users/youming/GitHub/shadowing-learning/node_modules/.pnpm/jest-circus@30.1.3/node_modules/jest-circus/build/jestAdapterInit.js:1917:21)\n    at jestAdapter (/Users/youming/GitHub/shadowing-learning/node_modules/.pnpm/jest-circus@30.1.3/node_modules/jest-circus/build/runner.js:101:19)\n    at runTestInternal (/Users/youming/GitHub/shadowing-learning/node_modules/.pnpm/jest-runner@30.1.3/node_modules/jest-runner/build/testWorker.js:275:16)\n    at runTest (/Users/youming/GitHub/shadowing-learning/node_modules/.pnpm/jest-runner@30.1.3/node_modules/jest-runner/build/testWorker.js:343:7)\n    at Object.worker (/Users/youming/GitHub/shadowing-learning/node_modules/.pnpm/jest-runner@30.1.3/node_modules/jest-runner/build/testWorker.js:497:12)"],"fullName":"FileList Component File Display should skip files without id","invocations":1,"location":null,"numPassingAsserts":0,"retryReasons":[],"startAt":1758287327164,"status":"failed","title":"should skip files without id"},{"ancestorTitles":["FileList Component","Status Display"],"duration":3,"failing":false,"failureDetails":[{}],"failureMessages":["Error: Element type is invalid: expected a string (for built-in components) or a class/function (for composite components) but got: undefined. You likely forgot to export your component from the file it's defined in, or you might have mixed up default and named imports.\n\nCheck the render method of `FileRowComponent`.\n    at createFiberFromTypeAndProps (/Users/youming/GitHub/shadowing-learning/node_modules/.pnpm/react-dom@19.1.1_react@19.1.1/node_modules/react-dom/cjs/react-dom-client.development.js:4259:28)\n    at createFiberFromElement (/Users/youming/GitHub/shadowing-learning/node_modules/.pnpm/react-dom@19.1.1_react@19.1.1/node_modules/react-dom/cjs/react-dom-client.development.js:4273:14)\n    at reconcileChildFibersImpl (/Users/youming/GitHub/shadowing-learning/node_modules/.pnpm/react-dom@19.1.1_react@19.1.1/node_modules/react-dom/cjs/react-dom-client.development.js:7879:31)\n    at /Users/youming/GitHub/shadowing-learning/node_modules/.pnpm/react-dom@19.1.1_react@19.1.1/node_modules/react-dom/cjs/react-dom-client.development.js:8057:33\n    at reconcileChildren (/Users/youming/GitHub/shadowing-learning/node_modules/.pnpm/react-dom@19.1.1_react@19.1.1/node_modules/react-dom/cjs/react-dom-client.development.js:8621:13)\n    at beginWork (/Users/youming/GitHub/shadowing-learning/node_modules/.pnpm/react-dom@19.1.1_react@19.1.1/node_modules/react-dom/cjs/react-dom-client.development.js:10793:13)\n    at runWithFiberInDEV (/Users/youming/GitHub/shadowing-learning/node_modules/.pnpm/react-dom@19.1.1_react@19.1.1/node_modules/react-dom/cjs/react-dom-client.development.js:1522:13)\n    at performUnitOfWork (/Users/youming/GitHub/shadowing-learning/node_modules/.pnpm/react-dom@19.1.1_react@19.1.1/node_modules/react-dom/cjs/react-dom-client.development.js:15140:22)\n    at workLoopSync (/Users/youming/GitHub/shadowing-learning/node_modules/.pnpm/react-dom@19.1.1_react@19.1.1/node_modules/react-dom/cjs/react-dom-client.development.js:14956:41)\n    at renderRootSync (/Users/youming/GitHub/shadowing-learning/node_modules/.pnpm/react-dom@19.1.1_react@19.1.1/node_modules/react-dom/cjs/react-dom-client.development.js:14936:11)\n    at performWorkOnRoot (/Users/youming/GitHub/shadowing-learning/node_modules/.pnpm/react-dom@19.1.1_react@19.1.1/node_modules/react-dom/cjs/react-dom-client.development.js:14462:44)\n    at performWorkOnRootViaSchedulerTask (/Users/youming/GitHub/shadowing-learning/node_modules/.pnpm/react-dom@19.1.1_react@19.1.1/node_modules/react-dom/cjs/react-dom-client.development.js:16216:7)\n    at flushActQueue (/Users/youming/GitHub/shadowing-learning/node_modules/.pnpm/react@19.1.1/node_modules/react/cjs/react.development.js:566:34)\n    at process.env.NODE_ENV.exports.act (/Users/youming/GitHub/shadowing-learning/node_modules/.pnpm/react@19.1.1/node_modules/react/cjs/react.development.js:860:10)\n    at /Users/youming/GitHub/shadowing-learning/node_modules/.pnpm/@testing-library+react@16.3.0_@testing-library+dom@10.4.1_@types+react-dom@19.1.9_@type_209958a8c2660792a0f8943acb0383be/node_modules/@testing-library/react/dist/act-compat.js:47:25\n    at renderRoot (/Users/youming/GitHub/shadowing-learning/node_modules/.pnpm/@testing-library+react@16.3.0_@testing-library+dom@10.4.1_@types+react-dom@19.1.9_@type_209958a8c2660792a0f8943acb0383be/node_modules/@testing-library/react/dist/pure.js:190:26)\n    at render (/Users/youming/GitHub/shadowing-learning/node_modules/.pnpm/@testing-library+react@16.3.0_@testing-library+dom@10.4.1_@types+react-dom@19.1.9_@type_209958a8c2660792a0f8943acb0383be/node_modules/@testing-library/react/dist/pure.js:292:10)\n    at Object.<anonymous> (/Users/youming/GitHub/shadowing-learning/test/unit/components/file-list.test.tsx:305:13)\n    at Promise.finally.completed (/Users/youming/GitHub/shadowing-learning/node_modules/.pnpm/jest-circus@30.1.3/node_modules/jest-circus/build/jestAdapterInit.js:1556:28)\n    at new Promise (<anonymous>)\n    at callAsyncCircusFn (/Users/youming/GitHub/shadowing-learning/node_modules/.pnpm/jest-circus@30.1.3/node_modules/jest-circus/build/jestAdapterInit.js:1496:10)\n    at _callCircusTest (/Users/youming/GitHub/shadowing-learning/node_modules/.pnpm/jest-circus@30.1.3/node_modules/jest-circus/build/jestAdapterInit.js:1006:40)\n    at processTicksAndRejections (node:internal/process/task_queues:105:5)\n    at _runTest (/Users/youming/GitHub/shadowing-learning/node_modules/.pnpm/jest-circus@30.1.3/node_modules/jest-circus/build/jestAdapterInit.js:946:3)\n    at _runTestsForDescribeBlock (/Users/youming/GitHub/shadowing-learning/node_modules/.pnpm/jest-circus@30.1.3/node_modules/jest-circus/build/jestAdapterInit.js:839:13)\n    at _runTestsForDescribeBlock (/Users/youming/GitHub/shadowing-learning/node_modules/.pnpm/jest-circus@30.1.3/node_modules/jest-circus/build/jestAdapterInit.js:829:11)\n    at _runTestsForDescribeBlock (/Users/youming/GitHub/shadowing-learning/node_modules/.pnpm/jest-circus@30.1.3/node_modules/jest-circus/build/jestAdapterInit.js:829:11)\n    at run (/Users/youming/GitHub/shadowing-learning/node_modules/.pnpm/jest-circus@30.1.3/node_modules/jest-circus/build/jestAdapterInit.js:757:3)\n    at runAndTransformResultsToJestFormat (/Users/youming/GitHub/shadowing-learning/node_modules/.pnpm/jest-circus@30.1.3/node_modules/jest-circus/build/jestAdapterInit.js:1917:21)\n    at jestAdapter (/Users/youming/GitHub/shadowing-learning/node_modules/.pnpm/jest-circus@30.1.3/node_modules/jest-circus/build/runner.js:101:19)\n    at runTestInternal (/Users/youming/GitHub/shadowing-learning/node_modules/.pnpm/jest-runner@30.1.3/node_modules/jest-runner/build/testWorker.js:275:16)\n    at runTest (/Users/youming/GitHub/shadowing-learning/node_modules/.pnpm/jest-runner@30.1.3/node_modules/jest-runner/build/testWorker.js:343:7)\n    at Object.worker (/Users/youming/GitHub/shadowing-learning/node_modules/.pnpm/jest-runner@30.1.3/node_modules/jest-runner/build/testWorker.js:497:12)"],"fullName":"FileList Component Status Display should show pending status for files without transcripts","invocations":1,"location":null,"numPassingAsserts":0,"retryReasons":[],"startAt":1758287327168,"status":"failed","title":"should show pending status for files without transcripts"},{"ancestorTitles":["FileList Component","Status Display"],"duration":3,"failing":false,"failureDetails":[{}],"failureMessages":["Error: Element type is invalid: expected a string (for built-in components) or a class/function (for composite components) but got: undefined. You likely forgot to export your component from the file it's defined in, or you might have mixed up default and named imports.\n\nCheck the render method of `FileRowComponent`.\n    at createFiberFromTypeAndProps (/Users/youming/GitHub/shadowing-learning/node_modules/.pnpm/react-dom@19.1.1_react@19.1.1/node_modules/react-dom/cjs/react-dom-client.development.js:4259:28)\n    at createFiberFromElement (/Users/youming/GitHub/shadowing-learning/node_modules/.pnpm/react-dom@19.1.1_react@19.1.1/node_modules/react-dom/cjs/react-dom-client.development.js:4273:14)\n    at reconcileChildFibersImpl (/Users/youming/GitHub/shadowing-learning/node_modules/.pnpm/react-dom@19.1.1_react@19.1.1/node_modules/react-dom/cjs/react-dom-client.development.js:7879:31)\n    at /Users/youming/GitHub/shadowing-learning/node_modules/.pnpm/react-dom@19.1.1_react@19.1.1/node_modules/react-dom/cjs/react-dom-client.development.js:8057:33\n    at reconcileChildren (/Users/youming/GitHub/shadowing-learning/node_modules/.pnpm/react-dom@19.1.1_react@19.1.1/node_modules/react-dom/cjs/react-dom-client.development.js:8621:13)\n    at beginWork (/Users/youming/GitHub/shadowing-learning/node_modules/.pnpm/react-dom@19.1.1_react@19.1.1/node_modules/react-dom/cjs/react-dom-client.development.js:10793:13)\n    at runWithFiberInDEV (/Users/youming/GitHub/shadowing-learning/node_modules/.pnpm/react-dom@19.1.1_react@19.1.1/node_modules/react-dom/cjs/react-dom-client.development.js:1522:13)\n    at performUnitOfWork (/Users/youming/GitHub/shadowing-learning/node_modules/.pnpm/react-dom@19.1.1_react@19.1.1/node_modules/react-dom/cjs/react-dom-client.development.js:15140:22)\n    at workLoopSync (/Users/youming/GitHub/shadowing-learning/node_modules/.pnpm/react-dom@19.1.1_react@19.1.1/node_modules/react-dom/cjs/react-dom-client.development.js:14956:41)\n    at renderRootSync (/Users/youming/GitHub/shadowing-learning/node_modules/.pnpm/react-dom@19.1.1_react@19.1.1/node_modules/react-dom/cjs/react-dom-client.development.js:14936:11)\n    at performWorkOnRoot (/Users/youming/GitHub/shadowing-learning/node_modules/.pnpm/react-dom@19.1.1_react@19.1.1/node_modules/react-dom/cjs/react-dom-client.development.js:14462:44)\n    at performWorkOnRootViaSchedulerTask (/Users/youming/GitHub/shadowing-learning/node_modules/.pnpm/react-dom@19.1.1_react@19.1.1/node_modules/react-dom/cjs/react-dom-client.development.js:16216:7)\n    at flushActQueue (/Users/youming/GitHub/shadowing-learning/node_modules/.pnpm/react@19.1.1/node_modules/react/cjs/react.development.js:566:34)\n    at process.env.NODE_ENV.exports.act (/Users/youming/GitHub/shadowing-learning/node_modules/.pnpm/react@19.1.1/node_modules/react/cjs/react.development.js:860:10)\n    at /Users/youming/GitHub/shadowing-learning/node_modules/.pnpm/@testing-library+react@16.3.0_@testing-library+dom@10.4.1_@types+react-dom@19.1.9_@type_209958a8c2660792a0f8943acb0383be/node_modules/@testing-library/react/dist/act-compat.js:47:25\n    at renderRoot (/Users/youming/GitHub/shadowing-learning/node_modules/.pnpm/@testing-library+react@16.3.0_@testing-library+dom@10.4.1_@types+react-dom@19.1.9_@type_209958a8c2660792a0f8943acb0383be/node_modules/@testing-library/react/dist/pure.js:190:26)\n    at render (/Users/youming/GitHub/shadowing-learning/node_modules/.pnpm/@testing-library+react@16.3.0_@testing-library+dom@10.4.1_@types+react-dom@19.1.9_@type_209958a8c2660792a0f8943acb0383be/node_modules/@testing-library/react/dist/pure.js:292:10)\n    at Object.<anonymous> (/Users/youming/GitHub/shadowing-learning/test/unit/components/file-list.test.tsx:322:13)\n    at Promise.finally.completed (/Users/youming/GitHub/shadowing-learning/node_modules/.pnpm/jest-circus@30.1.3/node_modules/jest-circus/build/jestAdapterInit.js:1556:28)\n    at new Promise (<anonymous>)\n    at callAsyncCircusFn (/Users/youming/GitHub/shadowing-learning/node_modules/.pnpm/jest-circus@30.1.3/node_modules/jest-circus/build/jestAdapterInit.js:1496:10)\n    at _callCircusTest (/Users/youming/GitHub/shadowing-learning/node_modules/.pnpm/jest-circus@30.1.3/node_modules/jest-circus/build/jestAdapterInit.js:1006:40)\n    at processTicksAndRejections (node:internal/process/task_queues:105:5)\n    at _runTest (/Users/youming/GitHub/shadowing-learning/node_modules/.pnpm/jest-circus@30.1.3/node_modules/jest-circus/build/jestAdapterInit.js:946:3)\n    at _runTestsForDescribeBlock (/Users/youming/GitHub/shadowing-learning/node_modules/.pnpm/jest-circus@30.1.3/node_modules/jest-circus/build/jestAdapterInit.js:839:13)\n    at _runTestsForDescribeBlock (/Users/youming/GitHub/shadowing-learning/node_modules/.pnpm/jest-circus@30.1.3/node_modules/jest-circus/build/jestAdapterInit.js:829:11)\n    at _runTestsForDescribeBlock (/Users/youming/GitHub/shadowing-learning/node_modules/.pnpm/jest-circus@30.1.3/node_modules/jest-circus/build/jestAdapterInit.js:829:11)\n    at run (/Users/youming/GitHub/shadowing-learning/node_modules/.pnpm/jest-circus@30.1.3/node_modules/jest-circus/build/jestAdapterInit.js:757:3)\n    at runAndTransformResultsToJestFormat (/Users/youming/GitHub/shadowing-learning/node_modules/.pnpm/jest-circus@30.1.3/node_modules/jest-circus/build/jestAdapterInit.js:1917:21)\n    at jestAdapter (/Users/youming/GitHub/shadowing-learning/node_modules/.pnpm/jest-circus@30.1.3/node_modules/jest-circus/build/runner.js:101:19)\n    at runTestInternal (/Users/youming/GitHub/shadowing-learning/node_modules/.pnpm/jest-runner@30.1.3/node_modules/jest-runner/build/testWorker.js:275:16)\n    at runTest (/Users/youming/GitHub/shadowing-learning/node_modules/.pnpm/jest-runner@30.1.3/node_modules/jest-runner/build/testWorker.js:343:7)\n    at Object.worker (/Users/youming/GitHub/shadowing-learning/node_modules/.pnpm/jest-runner@30.1.3/node_modules/jest-runner/build/testWorker.js:497:12)"],"fullName":"FileList Component Status Display should show completed status for files with completed transcripts","invocations":1,"location":null,"numPassingAsserts":0,"retryReasons":[],"startAt":1758287327171,"status":"failed","title":"should show completed status for files with completed transcripts"},{"ancestorTitles":["FileList Component","Status Display"],"duration":11,"failing":false,"failureDetails":[{}],"failureMessages":["Error: Element type is invalid: expected a string (for built-in components) or a class/function (for composite components) but got: undefined. You likely forgot to export your component from the file it's defined in, or you might have mixed up default and named imports.\n\nCheck the render method of `FileRowComponent`.\n    at createFiberFromTypeAndProps (/Users/youming/GitHub/shadowing-learning/node_modules/.pnpm/react-dom@19.1.1_react@19.1.1/node_modules/react-dom/cjs/react-dom-client.development.js:4259:28)\n    at createFiberFromElement (/Users/youming/GitHub/shadowing-learning/node_modules/.pnpm/react-dom@19.1.1_react@19.1.1/node_modules/react-dom/cjs/react-dom-client.development.js:4273:14)\n    at reconcileChildFibersImpl (/Users/youming/GitHub/shadowing-learning/node_modules/.pnpm/react-dom@19.1.1_react@19.1.1/node_modules/react-dom/cjs/react-dom-client.development.js:7879:31)\n    at /Users/youming/GitHub/shadowing-learning/node_modules/.pnpm/react-dom@19.1.1_react@19.1.1/node_modules/react-dom/cjs/react-dom-client.development.js:8057:33\n    at reconcileChildren (/Users/youming/GitHub/shadowing-learning/node_modules/.pnpm/react-dom@19.1.1_react@19.1.1/node_modules/react-dom/cjs/react-dom-client.development.js:8621:13)\n    at beginWork (/Users/youming/GitHub/shadowing-learning/node_modules/.pnpm/react-dom@19.1.1_react@19.1.1/node_modules/react-dom/cjs/react-dom-client.development.js:10793:13)\n    at runWithFiberInDEV (/Users/youming/GitHub/shadowing-learning/node_modules/.pnpm/react-dom@19.1.1_react@19.1.1/node_modules/react-dom/cjs/react-dom-client.development.js:1522:13)\n    at performUnitOfWork (/Users/youming/GitHub/shadowing-learning/node_modules/.pnpm/react-dom@19.1.1_react@19.1.1/node_modules/react-dom/cjs/react-dom-client.development.js:15140:22)\n    at workLoopSync (/Users/youming/GitHub/shadowing-learning/node_modules/.pnpm/react-dom@19.1.1_react@19.1.1/node_modules/react-dom/cjs/react-dom-client.development.js:14956:41)\n    at renderRootSync (/Users/youming/GitHub/shadowing-learning/node_modules/.pnpm/react-dom@19.1.1_react@19.1.1/node_modules/react-dom/cjs/react-dom-client.development.js:14936:11)\n    at performWorkOnRoot (/Users/youming/GitHub/shadowing-learning/node_modules/.pnpm/react-dom@19.1.1_react@19.1.1/node_modules/react-dom/cjs/react-dom-client.development.js:14462:44)\n    at performWorkOnRootViaSchedulerTask (/Users/youming/GitHub/shadowing-learning/node_modules/.pnpm/react-dom@19.1.1_react@19.1.1/node_modules/react-dom/cjs/react-dom-client.development.js:16216:7)\n    at flushActQueue (/Users/youming/GitHub/shadowing-learning/node_modules/.pnpm/react@19.1.1/node_modules/react/cjs/react.development.js:566:34)\n    at process.env.NODE_ENV.exports.act (/Users/youming/GitHub/shadowing-learning/node_modules/.pnpm/react@19.1.1/node_modules/react/cjs/react.development.js:860:10)\n    at /Users/youming/GitHub/shadowing-learning/node_modules/.pnpm/@testing-library+react@16.3.0_@testing-library+dom@10.4.1_@types+react-dom@19.1.9_@type_209958a8c2660792a0f8943acb0383be/node_modules/@testing-library/react/dist/act-compat.js:47:25\n    at renderRoot (/Users/youming/GitHub/shadowing-learning/node_modules/.pnpm/@testing-library+react@16.3.0_@testing-library+dom@10.4.1_@types+react-dom@19.1.9_@type_209958a8c2660792a0f8943acb0383be/node_modules/@testing-library/react/dist/pure.js:190:26)\n    at render (/Users/youming/GitHub/shadowing-learning/node_modules/.pnpm/@testing-library+react@16.3.0_@testing-library+dom@10.4.1_@types+react-dom@19.1.9_@type_209958a8c2660792a0f8943acb0383be/node_modules/@testing-library/react/dist/pure.js:292:10)\n    at Object.<anonymous> (/Users/youming/GitHub/shadowing-learning/test/unit/components/file-list.test.tsx:339:13)\n    at Promise.finally.completed (/Users/youming/GitHub/shadowing-learning/node_modules/.pnpm/jest-circus@30.1.3/node_modules/jest-circus/build/jestAdapterInit.js:1556:28)\n    at new Promise (<anonymous>)\n    at callAsyncCircusFn (/Users/youming/GitHub/shadowing-learning/node_modules/.pnpm/jest-circus@30.1.3/node_modules/jest-circus/build/jestAdapterInit.js:1496:10)\n    at _callCircusTest (/Users/youming/GitHub/shadowing-learning/node_modules/.pnpm/jest-circus@30.1.3/node_modules/jest-circus/build/jestAdapterInit.js:1006:40)\n    at processTicksAndRejections (node:internal/process/task_queues:105:5)\n    at _runTest (/Users/youming/GitHub/shadowing-learning/node_modules/.pnpm/jest-circus@30.1.3/node_modules/jest-circus/build/jestAdapterInit.js:946:3)\n    at _runTestsForDescribeBlock (/Users/youming/GitHub/shadowing-learning/node_modules/.pnpm/jest-circus@30.1.3/node_modules/jest-circus/build/jestAdapterInit.js:839:13)\n    at _runTestsForDescribeBlock (/Users/youming/GitHub/shadowing-learning/node_modules/.pnpm/jest-circus@30.1.3/node_modules/jest-circus/build/jestAdapterInit.js:829:11)\n    at _runTestsForDescribeBlock (/Users/youming/GitHub/shadowing-learning/node_modules/.pnpm/jest-circus@30.1.3/node_modules/jest-circus/build/jestAdapterInit.js:829:11)\n    at run (/Users/youming/GitHub/shadowing-learning/node_modules/.pnpm/jest-circus@30.1.3/node_modules/jest-circus/build/jestAdapterInit.js:757:3)\n    at runAndTransformResultsToJestFormat (/Users/youming/GitHub/shadowing-learning/node_modules/.pnpm/jest-circus@30.1.3/node_modules/jest-circus/build/jestAdapterInit.js:1917:21)\n    at jestAdapter (/Users/youming/GitHub/shadowing-learning/node_modules/.pnpm/jest-circus@30.1.3/node_modules/jest-circus/build/runner.js:101:19)\n    at runTestInternal (/Users/youming/GitHub/shadowing-learning/node_modules/.pnpm/jest-runner@30.1.3/node_modules/jest-runner/build/testWorker.js:275:16)\n    at runTest (/Users/youming/GitHub/shadowing-learning/node_modules/.pnpm/jest-runner@30.1.3/node_modules/jest-runner/build/testWorker.js:343:7)\n    at Object.worker (/Users/youming/GitHub/shadowing-learning/node_modules/.pnpm/jest-runner@30.1.3/node_modules/jest-runner/build/testWorker.js:497:12)"],"fullName":"FileList Component Status Display should show process
[...]
["WaveformGenerator","generateWaveform"],"duration":91,"failing":false,"failureDetails":[],"failureMessages":[],"fullName":"WaveformGenerator generateWaveform should handle audio decoding errors","invocations":1,"location":null,"numPassingAsserts":2,"retryReasons":[],"startAt":1758287328555,"status":"passed","title":"should handle audio decoding errors"},{"ancestorTitles":["WaveformGenerator","generateWaveform"],"duration":246,"failing":false,"failureDetails":[],"failureMessages":[],"fullName":"WaveformGenerator generateWaveform should generate peaks correctly from audio samples","invocations":1,"location":null,"numPassingAsserts":2,"retryReasons":[],"startAt":1758287328646,"status":"passed","title":"should generate peaks correctly from audio samples"},{"ancestorTitles":["WaveformGenerator","generateWaveform"],"duration":99,"failing":false,"failureDetails":[],"failureMessages":[],"fullName":"WaveformGenerator generateWaveform should apply smoothing when enabled","invocations":1,"location":null,"numPassingAsserts":2,"retryReasons":[],"startAt":1758287328892,"status":"passed","title":"should apply smoothing when enabled"},{"ancestorTitles":["WaveformGenerator","generateWaveform"],"duration":49,"failing":false,"failureDetails":[],"failureMessages":[],"fullName":"WaveformGenerator generateWaveform should disable smoothing when requested","invocations":1,"location":null,"numPassingAsserts":1,"retryReasons":[],"startAt":1758287328991,"status":"passed","title":"should disable smoothing when requested"},{"ancestorTitles":["WaveformGenerator","generateWaveform"],"duration":1,"failing":false,"failureDetails":[],"failureMessages":[],"fullName":"WaveformGenerator generateWaveform should handle very short audio files","invocations":1,"location":null,"numPassingAsserts":2,"retryReasons":[],"startAt":1758287329041,"status":"passed","title":"should handle very short audio files"},{"ancestorTitles":["WaveformGenerator","generateWaveform"],"duration":47,"failing":false,"failureDetails":[],"failureMessages":[],"fullName":"WaveformGenerator generateWaveform should handle mono audio (single channel)","invocations":1,"location":null,"numPassingAsserts":2,"retryReasons":[],"startAt":1758287329042,"status":"passed","title":"should handle mono audio (single channel)"},{"ancestorTitles":["WaveformGenerator","generateWaveform"],"duration":1,"failing":false,"failureDetails":[],"failureMessages":[],"fullName":"WaveformGenerator generateWaveform should handle empty audio data","invocations":1,"location":null,"numPassingAsserts":2,"retryReasons":[],"startAt":1758287329089,"status":"passed","title":"should handle empty audio data"},{"ancestorTitles":["WaveformGenerator","generateWaveform"],"duration":1,"failing":false,"failureDetails":[],"failureMessages":[],"fullName":"WaveformGenerator generateWaveform should close audio context even when error occurs","invocations":1,"location":null,"numPassingAsserts":2,"retryReasons":[],"startAt":1758287329090,"status":"passed","title":"should close audio context even when error occurs"},{"ancestorTitles":["WaveformGenerator","generateWaveform"],"duration":45,"failing":false,"failureDetails":[],"failureMessages":[],"fullName":"WaveformGenerator generateWaveform should handle custom smoothing window size","invocations":1,"location":null,"numPassingAsserts":2,"retryReasons":[],"startAt":1758287329091,"status":"passed","title":"should handle custom smoothing window size"}],"endTime":1758287329137,"message":"","name":"/Users/youming/GitHub/shadowing-learning/test/unit/lib/waveform-generator.test.ts","startTime":1758287327363,"status":"passed","summary":""},{"assertionResults":[{"ancestorTitles":["IndexedDB 可用性诊断","基础环境检查"],"duration":24,"failing":false,"failureDetails":[],"failureMessages":[],"fullName":"IndexedDB 可用性诊断 基础环境检查 全局 indexedDB 对象应该存在","invocations":1,"location":null,"numPassingAsserts":3,"retryReasons":[],"startAt":1758287328916,"status":"passed","title":"全局 indexedDB 对象应该存在"},{"ancestorTitles":["IndexedDB 可用性诊断","基础环境检查"],"duration":0,"failing":false,"failureDetails":[],"failureMessages":[],"fullName":"IndexedDB 可用性诊断 基础环境检查 IDBKeyRange 应该可用","invocations":1,"location":null,"numPassingAsserts":3,"retryReasons":[],"startAt":1758287328941,"status":"passed","title":"IDBKeyRange 应该可用"},{"ancestorTitles":["IndexedDB 可用性诊断","基础环境检查"],"duration":2,"failing":false,"failureDetails":[],"failureMessages":[],"fullName":"IndexedDB 可用性诊断 基础环境检查 fake-indexeddb mock 应该正常工作","invocations":1,"location":null,"numPassingAsserts":4,"retryReasons":[],"startAt":1758287328941,"status":"passed","title":"fake-indexeddb mock 应该正常工作"},{"ancestorTitles":["IndexedDB 可用性诊断","基础环境检查"],"duration":1,"failing":false,"failureDetails":[],"failureMessages":[],"fullName":"IndexedDB 可用性诊断 基础环境检查 structuredClone 应该可用","invocations":1,"location":null,"numPassingAsserts":3,"retryReasons":[],"startAt":1758287328943,"status":"passed","title":"structuredClone 应该可用"},{"ancestorTitles":["IndexedDB 可用性诊断","Dexie 库初始化测试"],"duration":0,"failing":false,"failureDetails":[],"failureMessages":[],"fullName":"IndexedDB 可用性诊断 Dexie 库初始化测试 Dexie 构造函数应该可用","invocations":1,"location":null,"numPassingAsserts":1,"retryReasons":[],"startAt":1758287328944,"status":"passed","title":"Dexie 构造函数应该可用"},{"ancestorTitles":["IndexedDB 可用性诊断","Dexie 库初始化测试"],"duration":0,"failing":false,"failureDetails":[],"failureMessages":[],"fullName":"IndexedDB 可用性诊断 Dexie 库初始化测试 数据库实例应该成功创建","invocations":1,"location":null,"numPassingAsserts":2,"retryReasons":[],"startAt":1758287328944,"status":"passed","title":"数据库实例应该成功创建"},{"ancestorTitles":["IndexedDB 可用性诊断","Dexie 库初始化测试"],"duration":1,"failing":false,"failureDetails":[],"failureMessages":[],"fullName":"IndexedDB 可用性诊断 Dexie 库初始化测试 数据库表应该正确定义","invocations":1,"location":null,"numPassingAsserts":4,"retryReasons":[],"startAt":1758287328944,"status":"passed","title":"数据库表应该正确定义"},{"ancestorTitles":["IndexedDB 可用性诊断","Dexie 库初始化测试"],"duration":46,"failing":false,"failureDetails":[],"failureMessages":[],"fullName":"IndexedDB 可用性诊断 Dexie 库初始化测试 数据库应该能够打开","invocations":1,"location":null,"numPassingAsserts":1,"retryReasons":[],"startAt":1758287328945,"status":"passed","title":"数据库应该能够打开"},{"ancestorTitles":["IndexedDB 可用性诊断","Dexie 库初始化测试"],"duration":20,"failing":false,"failureDetails":[],"failureMessages":[],"fullName":"IndexedDB 可用性诊断 Dexie 库初始化测试 数据库版本应该正确","invocations":1,"location":null,"numPassingAsserts":1,"retryReasons":[],"startAt":1758287328991,"status":"passed","title":"数据库版本应该正确"},{"ancestorTitles":["IndexedDB 可用性诊断","基础数据库操作测试"],"duration":42,"failing":false,"failureDetails":[],"failureMessages":[],"fullName":"IndexedDB 可用性诊断 基础数据库操作测试 应该能够执行简单的写操作","invocations":1,"location":null,"numPassingAsserts":1,"retryReasons":[],"startAt":1758287329011,"status":"passed","title":"应该能够执行简单的写操作"},{"ancestorTitles":["IndexedDB 可用性诊断","基础数据库操作测试"],"duration":21,"failing":false,"failureDetails":[],"failureMessages":[],"fullName":"IndexedDB 可用性诊断 基础数据库操作测试 应该能够执行简单的读操作","invocations":1,"location":null,"numPassingAsserts":5,"retryReasons":[],"startAt":1758287329053,"status":"passed","title":"应该能够执行简单的读操作"},{"ancestorTitles":["IndexedDB 可用性诊断","基础数据库操作测试"],"duration":5,"failing":false,"failureDetails":[],"failureMessages":[],"fullName":"IndexedDB 可用性诊断 基础数据库操作测试 应该能够执行 count 操作","invocations":1,"location":null,"numPassingAsserts":2,"retryReasons":[],"startAt":1758287329074,"status":"passed","title":"应该能够执行 count 操作"},{"ancestorTitles":["IndexedDB 可用性诊断","基础数据库操作测试"],"duration":27,"failing":false,"failureDetails":[],"failureMessages":[],"fullName":"IndexedDB 可用性诊断 基础数据库操作测试 应该能够执行 toArray 操作","invocations":1,"location":null,"numPassingAsserts":1,"retryReasons":[],"startAt":1758287329079,"status":"passed","title":"应该能够执行 toArray 操作"},{"ancestorTitles":["IndexedDB 可用性诊断","错误情况模拟"],"duration":13,"failing":false,"failureDetails":[],"failureMessages":[],"fullName":"IndexedDB 可用性诊断 错误情况模拟 当 IndexedDB 不可用时应该抛出合适的错误","invocations":1,"location":null,"numPassingAsserts":1,"retryReasons":[],"startAt":1758287329106,"status":"passed","title":"当 IndexedDB 不可用时应该抛出合适的错误"},{"ancestorTitles":["IndexedDB 可用性诊断","错误情况模拟"],"duration":0,"failing":false,"failureDetails":[],"failureMessages":[],"fullName":"IndexedDB 可用性诊断 错误情况模拟 检查是否在 Node.js 环境中","invocations":1,"location":null,"numPassingAsserts":1,"retryReasons":[],"startAt":1758287329119,"status":"passed","title":"检查是否在 Node.js 环境中"},{"ancestorTitles":["IndexedDB 可用性诊断","错误情况模拟"],"duration":0,"failing":false,"failureDetails":[],"failureMessages":[],"fullName":"IndexedDB 可用性诊断 错误情况模拟 检查环境变量和 Jest 配置","invocations":1,"location":null,"numPassingAsserts":1,"retryReasons":[],"startAt":1758287329119,"status":"passed","title":"检查环境变量和 Jest 配置"},{"ancestorTitles":["IndexedDB 可用性诊断","并发和事务测试"],"duration":17,"failing":false,"failureDetails":[],"failureMessages":[],"fullName":"IndexedDB 可用性诊断 并发和事务测试 应该能够处理多个并发操作","invocations":1,"location":null,"numPassingAsserts":11,"retryReasons":[],"startAt":1758287329119,"status":"passed","title":"应该能够处理多个并发操作"},{"ancestorTitles":["IndexedDB 可用性诊断","并发和事务测试"],"duration":17,"failing":false,"failureDetails":[],"failureMessages":[],"fullName":"IndexedDB 可用性诊断 并发和事务测试 应该能够执行事务操作","invocations":1,"location":null,"numPassingAsserts":1,"retryReasons":[],"startAt":1758287329136,"status":"passed","title":"应该能够执行事务操作"}],"endTime":1758287329154,"message":"","name":"/Users/youming/GitHub/shadowing-learning/test/diagnostic/indexeddb-availability.test.ts","startTime":1758287328259,"status":"passed","summary":""},{"assertionResults":[{"ancestorTitles":["Database Module","File Operations"],"duration":48,"failing":false,"failureDetails":[],"failureMessages":[],"fullName":"Database Module File Operations should add a new file to the database","invocations":1,"location":null,"numPassingAsserts":9,"retryReasons":[],"startAt":1758287328982,"status":"passed","title":"should add a new file to the database"},{"ancestorTitles":["Database Module","File Operations"],"duration":23,"failing":false,"failureDetails":[],"failureMessages":[],"fullName":"Database Module File Operations should get all files from the database","invocations":1,"location":null,"numPassingAsserts":3,"retryReasons":[],"startAt":1758287329031,"status":"passed","title":"should get all files from the database"},{"ancestorTitles":["Database Module","File Operations"],"duration":29,"failing":false,"failureDetails":[],"failureMessages":[],"fullName":"Database Module File Operations should update an existing file","invocations":1,"location":null,"numPassingAsserts":3,"retryReasons":[],"startAt":1758287329054,"status":"passed","title":"should update an existing file"},{"ancestorTitles":["Database Module","File Operations"],"duration":42,"failing":false,"failureDetails":[],"failureMessages":[],"fullName":"Database Module File Operations should delete a file and its associated transcripts","invocations":1,"location":null,"numPassingAsserts":3,"retryReasons":[],"startAt":1758287329083,"status":"passed","title":"should delete a file and its associated transcripts"},{"ancestorTitles":["Database Module","File Operations"],"duration":4,"failing":false,"failureDetails":[],"failureMessages":[],"fullName":"Database Module File Operations should return undefined for non-existent file","invocations":1,"location":null,"numPassingAsserts":1,"retryReasons":[],"startAt":1758287329125,"status":"passed","title":"should return undefined for non-existent file"},{"ancestorTitles":["Database Module","Transcript Operations"],"duration":14,"failing":false,"failureDetails":[],"failureMessages":[],"fullName":"Database Module Transcript Operations should add a new transcript","invocations":1,"location":null,"numPassingAsserts":6,"retryReasons":[],"startAt":1758287329129,"status":"passed","title":"should add a new transcript"},{"ancestorTitles":["Database Module","Transcript Operations"],"duration":4,"failing":false,"failureDetails":[],"failureMessages":[],"fullName":"Database Module Transcript Operations should get transcripts by file ID","invocations":1,"location":null,"numPassingAsserts":3,"retryReasons":[],"startAt":1758287329143,"status":"passed","title":"should get transcripts by file ID"},{"ancestorTitles":["Database Module","Transcript Operations"],"duration":12,"failing":false,"failureDetails":[],"failureMessages":[],"fullName":"Database Module Transcript Operations should update transcript status","invocations":1,"location":null,"numPassingAsserts":3,"retryReasons":[],"startAt":1758287329147,"status":"passed","title":"should update transcript status"},{"ancestorTitles":["Database Module","Transcript Operations"],"duration":10,"failing":false,"failureDetails":[],"failureMessages":[],"fullName":"Database Module Transcript Operations should delete transcript and associated segments","invocations":1,"location":null,"numPassingAsserts":2,"retryReasons":[],"startAt":1758287329159,"status":"passed","title":"should delete transcript and associated segments"},{"ancestorTitles":["Database Module","Segment Operations"],"duration":10,"failing":false,"failureDetails":[],"failureMessages":[],"fullName":"Database Module Segment Operations should add multiple segments at once","invocations":1,"location":null,"numPassingAsserts":5,"retryReasons":[],"startAt":1758287329169,"status":"passed","title":"should add multiple segments at once"},{"ancestorTitles":["Database Module","Segment Operations"],"duration":16,"failing":false,"failureDetails":[],"failureMessages":[],"fullName":"Database Module Segment Operations should get segment at specific time","invocations":1,"location":null,"numPassingAsserts":4,"retryReasons":[],"startAt":1758287329179,"status":"passed","title":"should get segment at specific time"},{"ancestorTitles":["Database Module","Segment Operations"],"duration":8,"failing":false,"failureDetails":[],"failureMessages":[],"fullName":"Database Module Segment Operations should update segment with word timestamps","invocations":1,"location":null,"numPassingAsserts":1,"retryReasons":[],"startAt":1758287329195,"status":"passed","title":"should update segment with word timestamps"},{"ancestorTitles":["Database Module","Terminology Operations"],"duration":13,"failing":false,"failureDetails":[],"failureMessages":[],"fullName":"Database Module Terminology Operations should add and search terms","invocations":1,"location":null,"numPassingAsserts":10,"retryReasons":[],"startAt":1758287329203,"status":"passed","title":"should add and search terms"},{"ancestorTitles":["Database Module","Terminology Operations"],"duration":4,"failing":false,"failureDetails":[],"failureMessages":[],"fullName":"Database Module Terminology Operations should get terms by category","invocations":1,"location":null,"numPassingAsserts":3,"retryReasons":[],"startAt":1758287329216,"status":"passed","title":"should get terms by category"},{"ancestorTitles":["Database Module","Terminology Operations"],"duration":13,"failing":false,"failureDetails":[],"failureMessages":[],"fullName":"Database Module Terminology Operations should update and delete terms","invocations":1,"location":null,"numPassingAsserts":3,"retryReasons":[],"startAt":1758287329220,"status":"passed","title":"should update and delete terms"},{"ancestorTitles":["Database Module","Utility Methods"],"duration":4,"failing":false,"failureDetails":[],"failureMessages":[],"fullName":"Database Module Utility Methods should get file with transcripts","invocations":1,"location":null,"numPassingAsserts":4,"retryReasons":[],"startAt":1758287329233,"status":"passed","title":"should get file with transcripts"},{"ancestorTitles":["Database Module","Utility Methods"],"duration":7,"failing":false,"failureDetails":[],"failureMessages":[],"fullName":"Database Module Utility Methods should get transcript with segments","invocations":1,"location":null,"numPassingAsserts":5,"retryReasons":[],"startAt":1758287329237,"status":"passed","title":"should get transcript with segments"},{"ancestorTitles":["Database Module","Utility Methods"],"duration":20,"failing":false,"failureDetails":[],"failureMessages":[],"fullName":"Database Module Utility Methods should throw error for non-existent file with transcripts","invocations":1,"location":null,"numPassingAsserts":1,"retryReasons":[],"startAt":1758287329244,"status":"passed","title":"should throw error for non-existent file with transcripts"},{"ancestorTitles":["Database Module","Utility Methods"],"duration":6,"failing":false,"failureDetails":[],"failureMessages":[],"fullName":"Database Module Utility Methods should throw error for non-existent transcript with segments","invocations":1,"location":null,"numPassingAsserts":1,"retryReasons":[],"startAt":1758287329264,"status":"passed","title":"should throw error for non-existent transcript with segments"}],"endTime":1758287329274,"message":"","name":"/Users/youming/GitHub/shadowing-learning/test/unit/lib/db.test.ts","startTime":1758287328318,"status":"passed","summary":""},{"assertionResults":[{"ancestorTitles":["useFiles hook"],"duration":70,"failing":false,"failureDetails":[],"failureMessages":[],"fullName":"useFiles hook should initialize with empty files and load files on mount","invocations":1,"location":null,"numPassingAsserts":5,"retryReasons":[],"startAt":1758287328963,"status":"passed","title":"should initialize with empty files and load files on mount"},{"ancestorTitles":["useFiles hook"],"duration":59,"failing":false,"failureDetails":[],"failureMessages":[],"fullName":"useFiles hook should set loading state during file loading","invocations":1,"location":null,"numPassingAsserts":3,"retryReasons":[],"startAt":1758287329033,"status":"passed","title":"should set loading state during file loading"},{"ancestorTitles":["useFiles hook"],"duration":56,"failing":false,"failureDetails":[],"failureMessages":[],"fullName":"useFiles hook should handle errors when loading files","invocations":1,"location":null,"numPassingAsserts":3,"retryReasons":[],"startAt":1758287329092,"status":"passed","title":"should handle errors when loading files"},{"ancestorTitles":["useFiles hook"],"duration":58,"failing":false,"failureDetails":[],"failureMessages":[],"fullName":"useFiles hook should manually load files when loadFiles is called","invocations":1,"location":null,"numPassingAsserts":3,"retryReasons":[],"startAt":1758287329148,"status":"passed","title":"should manually load files when loadFiles is called"},{"ancestorTitles":["useFiles hook"],"duration":60,"failing":false,"failureDetails":[],"failureMessages":[],"fullName":"useFiles hook should refresh files when refreshFiles is called","invocations":1,"location":null,"numPassingAsserts":3,"retryReasons":[],"startAt":1758287329207,"status":"passed","title":"should refresh files when refreshFiles is called"},{"ancestorTitles":["useFiles hook"],"duration":54,"failing":false,"failureDetails":[],"failureMessages":[],"fullName":"useFiles hook should handle empty file list","invocations":1,"location":null,"numPassingAsserts":3,"retryReasons":[],"startAt":1758287329267,"status":"passed","title":"should handle empty file list"},{"ancestorTitles":["useFiles hook"],"duration":109,"failing":false,"failureDetails":[],"failureMessages":[],"fullName":"useFiles hook should maintain loading state correctly during multiple operations","invocations":1,"location":null,"numPassingAsserts":3,"retryReasons":[],"startAt":1758287329321,"status":"passed","title":"should maintain loading state correctly during multiple operations"},{"ancestorTitles":["useFiles hook"],"duration":8,"failing":false,"failureDetails":[],"failureMessages":[],"fullName":"useFiles hook should provide all expected return values","invocations":1,"location":null,"numPassingAsserts":8,"retryReasons":[],"startAt":1758287329430,"status":"passed","title":"should provide all expected return values"}],"endTime":1758287329439,"message":"","name":"/Users/youming/GitHub/shadowing-learning/test/unit/hooks/useFiles.test.ts","startTime":1758287328173,"status":"passed","summary":""}],"wasInterrupted":false}
